<?xml version="1.0" encoding="UTF-8"?>
<coverage generated="1493827536997" clover="3.2.0">
  <project timestamp="1493827536997" name="All files">
    <metrics statements="570" coveredstatements="439" conditionals="600" coveredconditionals="405" methods="114" coveredmethods="79" elements="1284" coveredelements="923" complexity="0" loc="570" ncloc="570" packages="1" files="3" classes="3">
      <file name="Vec1.js" path="C:\Users\Ryper\Ryper_Prog\WebGLMath\js\Vec1.js">
        <metrics statements="118" coveredstatements="103" conditionals="96" coveredconditionals="67" methods="32" coveredmethods="24"/>
        <line num="12" count="1" type="stmt"/>
        <line num="18" count="4" type="stmt"/>
        <line num="23" count="1" type="stmt"/>
        <line num="25" count="1" type="stmt"/>
        <line num="34" count="1" type="stmt"/>
        <line num="35" count="1" type="stmt"/>
        <line num="36" count="1" type="stmt"/>
        <line num="37" count="1" type="stmt"/>
        <line num="45" count="1" type="stmt"/>
        <line num="46" count="435" type="stmt"/>
        <line num="47" count="0" type="stmt"/>
        <line num="57" count="1" type="stmt"/>
        <line num="58" count="18" type="cond" truecount="4" falsecount="0"/>
        <line num="59" count="18" type="stmt"/>
        <line num="71" count="1" type="stmt"/>
        <line num="72" count="50" type="stmt"/>
        <line num="73" count="50" type="stmt"/>
        <line num="74" count="50" type="cond" truecount="3" falsecount="1"/>
        <line num="75" count="50" type="cond" truecount="4" falsecount="1"/>
        <line num="76" count="50" type="stmt"/>
        <line num="77" count="50" type="stmt"/>
        <line num="88" count="1" type="stmt"/>
        <line num="89" count="50" type="cond" truecount="3" falsecount="1"/>
        <line num="90" count="50" type="cond" truecount="4" falsecount="1"/>
        <line num="91" count="50" type="stmt"/>
        <line num="92" count="50" type="stmt"/>
        <line num="103" count="1" type="stmt"/>
        <line num="104" count="50" type="cond" truecount="3" falsecount="1"/>
        <line num="105" count="50" type="cond" truecount="1" falsecount="1"/>
        <line num="106" count="0" type="stmt"/>
        <line num="108" count="50" type="cond" truecount="5" falsecount="0"/>
        <line num="109" count="50" type="cond" truecount="2" falsecount="0"/>
        <line num="110" count="48" type="stmt"/>
        <line num="112" count="50" type="stmt"/>
        <line num="124" count="1" type="stmt"/>
        <line num="125" count="50" type="cond" truecount="3" falsecount="1"/>
        <line num="126" count="50" type="cond" truecount="4" falsecount="1"/>
        <line num="127" count="50" type="cond" truecount="2" falsecount="0"/>
        <line num="128" count="23" type="stmt"/>
        <line num="129" count="27" type="cond" truecount="2" falsecount="0"/>
        <line num="130" count="21" type="stmt"/>
        <line num="132" count="6" type="stmt"/>
        <line num="134" count="50" type="stmt"/>
        <line num="144" count="1" type="stmt"/>
        <line num="145" count="1" type="cond" truecount="2" falsecount="2"/>
        <line num="146" count="1" type="stmt"/>
        <line num="157" count="1" type="stmt"/>
        <line num="158" count="0" type="cond" truecount="0" falsecount="4"/>
        <line num="159" count="0" type="stmt"/>
        <line num="169" count="1" type="stmt"/>
        <line num="170" count="1" type="stmt"/>
        <line num="171" count="1" type="stmt"/>
        <line num="172" count="1" type="cond" truecount="2" falsecount="2"/>
        <line num="173" count="1" type="stmt"/>
        <line num="184" count="1" type="stmt"/>
        <line num="185" count="1" type="stmt"/>
        <line num="186" count="1" type="stmt"/>
        <line num="196" count="1" type="stmt"/>
        <line num="197" count="1" type="cond" truecount="2" falsecount="2"/>
        <line num="198" count="1" type="stmt"/>
        <line num="208" count="1" type="stmt"/>
        <line num="209" count="1" type="stmt"/>
        <line num="210" count="1" type="stmt"/>
        <line num="211" count="1" type="cond" truecount="2" falsecount="2"/>
        <line num="212" count="1" type="stmt"/>
        <line num="223" count="1" type="stmt"/>
        <line num="224" count="1" type="stmt"/>
        <line num="225" count="1" type="stmt"/>
        <line num="235" count="1" type="stmt"/>
        <line num="236" count="2" type="cond" truecount="4" falsecount="1"/>
        <line num="237" count="2" type="stmt"/>
        <line num="247" count="1" type="stmt"/>
        <line num="248" count="2" type="stmt"/>
        <line num="249" count="2" type="stmt"/>
        <line num="250" count="2" type="cond" truecount="4" falsecount="1"/>
        <line num="251" count="2" type="stmt"/>
        <line num="262" count="1" type="stmt"/>
        <line num="263" count="1" type="stmt"/>
        <line num="264" count="1" type="stmt"/>
        <line num="274" count="1" type="stmt"/>
        <line num="275" count="1" type="cond" truecount="3" falsecount="2"/>
        <line num="276" count="1" type="stmt"/>
        <line num="286" count="1" type="stmt"/>
        <line num="287" count="1" type="stmt"/>
        <line num="288" count="1" type="stmt"/>
        <line num="289" count="1" type="cond" truecount="3" falsecount="2"/>
        <line num="290" count="1" type="stmt"/>
        <line num="301" count="1" type="stmt"/>
        <line num="302" count="1" type="stmt"/>
        <line num="303" count="1" type="stmt"/>
        <line num="314" count="1" type="stmt"/>
        <line num="315" count="1" type="stmt"/>
        <line num="316" count="1" type="stmt"/>
        <line num="327" count="1" type="stmt"/>
        <line num="328" count="0" type="stmt"/>
        <line num="329" count="0" type="stmt"/>
        <line num="339" count="1" type="stmt"/>
        <line num="340" count="1" type="cond" truecount="2" falsecount="2"/>
        <line num="351" count="1" type="stmt"/>
        <line num="352" count="0" type="stmt"/>
        <line num="353" count="0" type="stmt"/>
        <line num="364" count="1" type="stmt"/>
        <line num="365" count="1" type="stmt"/>
        <line num="366" count="1" type="stmt"/>
        <line num="377" count="1" type="stmt"/>
        <line num="378" count="0" type="stmt"/>
        <line num="379" count="0" type="stmt"/>
        <line num="389" count="1" type="stmt"/>
        <line num="390" count="0" type="stmt"/>
        <line num="391" count="0" type="stmt"/>
        <line num="401" count="1" type="stmt"/>
        <line num="402" count="1" type="stmt"/>
        <line num="403" count="1" type="stmt"/>
        <line num="413" count="1" type="stmt"/>
        <line num="414" count="0" type="stmt"/>
        <line num="415" count="0" type="stmt"/>
        <line num="425" count="1" type="stmt"/>
        <line num="426" count="0" type="stmt"/>
      </file>
      <file name="Vec2.js" path="C:\Users\Ryper\Ryper_Prog\WebGLMath\js\Vec2.js">
        <metrics statements="194" coveredstatements="149" conditionals="196" coveredconditionals="132" methods="39" coveredmethods="27"/>
        <line num="30" count="1" type="stmt"/>
        <line num="36" count="2" type="stmt"/>
        <line num="43" count="1" type="stmt"/>
        <line num="51" count="1" type="stmt"/>
        <line num="52" count="1" type="stmt"/>
        <line num="53" count="1" type="stmt"/>
        <line num="54" count="1" type="stmt"/>
        <line num="62" count="1" type="stmt"/>
        <line num="63" count="335" type="stmt"/>
        <line num="64" count="0" type="stmt"/>
        <line num="72" count="1" type="stmt"/>
        <line num="73" count="335" type="stmt"/>
        <line num="74" count="0" type="stmt"/>
        <line num="85" count="1" type="stmt"/>
        <line num="86" count="20" type="cond" truecount="4" falsecount="0"/>
        <line num="87" count="20" type="cond" truecount="4" falsecount="0"/>
        <line num="88" count="20" type="stmt"/>
        <line num="100" count="1" type="stmt"/>
        <line num="101" count="50" type="stmt"/>
        <line num="102" count="50" type="stmt"/>
        <line num="103" count="50" type="cond" truecount="2" falsecount="2"/>
        <line num="104" count="50" type="cond" truecount="3" falsecount="2"/>
        <line num="105" count="50" type="stmt"/>
        <line num="106" count="50" type="cond" truecount="2" falsecount="2"/>
        <line num="107" count="50" type="cond" truecount="3" falsecount="2"/>
        <line num="108" count="50" type="stmt"/>
        <line num="109" count="50" type="stmt"/>
        <line num="120" count="1" type="stmt"/>
        <line num="121" count="50" type="cond" truecount="3" falsecount="1"/>
        <line num="122" count="50" type="cond" truecount="4" falsecount="1"/>
        <line num="123" count="50" type="stmt"/>
        <line num="124" count="50" type="cond" truecount="3" falsecount="1"/>
        <line num="125" count="50" type="cond" truecount="4" falsecount="1"/>
        <line num="126" count="50" type="stmt"/>
        <line num="127" count="50" type="stmt"/>
        <line num="138" count="1" type="stmt"/>
        <line num="139" count="50" type="cond" truecount="3" falsecount="1"/>
        <line num="140" count="50" type="cond" truecount="1" falsecount="1"/>
        <line num="141" count="0" type="stmt"/>
        <line num="143" count="50" type="cond" truecount="3" falsecount="1"/>
        <line num="144" count="50" type="cond" truecount="1" falsecount="1"/>
        <line num="145" count="0" type="stmt"/>
        <line num="147" count="50" type="cond" truecount="5" falsecount="0"/>
        <line num="148" count="50" type="cond" truecount="1" falsecount="1"/>
        <line num="149" count="50" type="stmt"/>
        <line num="151" count="50" type="cond" truecount="5" falsecount="0"/>
        <line num="152" count="50" type="cond" truecount="1" falsecount="1"/>
        <line num="153" count="50" type="stmt"/>
        <line num="155" count="50" type="stmt"/>
        <line num="167" count="1" type="stmt"/>
        <line num="168" count="50" type="cond" truecount="3" falsecount="1"/>
        <line num="169" count="50" type="cond" truecount="4" falsecount="1"/>
        <line num="170" count="50" type="cond" truecount="2" falsecount="0"/>
        <line num="171" count="27" type="stmt"/>
        <line num="172" count="23" type="cond" truecount="2" falsecount="0"/>
        <line num="173" count="19" type="stmt"/>
        <line num="175" count="4" type="stmt"/>
        <line num="177" count="50" type="cond" truecount="3" falsecount="1"/>
        <line num="178" count="50" type="cond" truecount="4" falsecount="1"/>
        <line num="179" count="50" type="cond" truecount="2" falsecount="0"/>
        <line num="180" count="16" type="stmt"/>
        <line num="181" count="34" type="cond" truecount="2" falsecount="0"/>
        <line num="182" count="27" type="stmt"/>
        <line num="184" count="7" type="stmt"/>
        <line num="186" count="50" type="stmt"/>
        <line num="197" count="1" type="stmt"/>
        <line num="198" count="1" type="cond" truecount="2" falsecount="2"/>
        <line num="199" count="1" type="cond" truecount="2" falsecount="2"/>
        <line num="200" count="1" type="stmt"/>
        <line num="212" count="1" type="stmt"/>
        <line num="213" count="0" type="cond" truecount="0" falsecount="4"/>
        <line num="214" count="0" type="cond" truecount="0" falsecount="4"/>
        <line num="215" count="0" type="stmt"/>
        <line num="226" count="1" type="stmt"/>
        <line num="227" count="1" type="stmt"/>
        <line num="228" count="1" type="stmt"/>
        <line num="229" count="1" type="cond" truecount="2" falsecount="2"/>
        <line num="230" count="1" type="cond" truecount="2" falsecount="2"/>
        <line num="231" count="1" type="stmt"/>
        <line num="242" count="1" type="stmt"/>
        <line num="243" count="1" type="stmt"/>
        <line num="244" count="1" type="stmt"/>
        <line num="245" count="1" type="stmt"/>
        <line num="256" count="1" type="stmt"/>
        <line num="257" count="1" type="cond" truecount="2" falsecount="2"/>
        <line num="258" count="1" type="cond" truecount="2" falsecount="2"/>
        <line num="259" count="1" type="stmt"/>
        <line num="270" count="1" type="stmt"/>
        <line num="271" count="1" type="stmt"/>
        <line num="272" count="1" type="stmt"/>
        <line num="273" count="1" type="cond" truecount="2" falsecount="2"/>
        <line num="274" count="1" type="cond" truecount="2" falsecount="2"/>
        <line num="275" count="1" type="stmt"/>
        <line num="286" count="1" type="stmt"/>
        <line num="287" count="1" type="stmt"/>
        <line num="288" count="1" type="stmt"/>
        <line num="289" count="1" type="stmt"/>
        <line num="300" count="1" type="stmt"/>
        <line num="301" count="2" type="cond" truecount="4" falsecount="1"/>
        <line num="302" count="2" type="cond" truecount="5" falsecount="1"/>
        <line num="303" count="2" type="stmt"/>
        <line num="314" count="1" type="stmt"/>
        <line num="315" count="2" type="stmt"/>
        <line num="316" count="2" type="stmt"/>
        <line num="317" count="2" type="cond" truecount="4" falsecount="1"/>
        <line num="318" count="2" type="cond" truecount="5" falsecount="1"/>
        <line num="319" count="2" type="stmt"/>
        <line num="329" count="1" type="stmt"/>
        <line num="330" count="0" type="stmt"/>
        <line num="331" count="0" type="stmt"/>
        <line num="332" count="0" type="stmt"/>
        <line num="333" count="0" type="stmt"/>
        <line num="343" count="1" type="stmt"/>
        <line num="344" count="0" type="stmt"/>
        <line num="345" count="0" type="stmt"/>
        <line num="346" count="0" type="stmt"/>
        <line num="347" count="0" type="stmt"/>
        <line num="358" count="1" type="stmt"/>
        <line num="359" count="1" type="stmt"/>
        <line num="360" count="1" type="stmt"/>
        <line num="361" count="1" type="stmt"/>
        <line num="372" count="1" type="stmt"/>
        <line num="373" count="1" type="cond" truecount="3" falsecount="2"/>
        <line num="374" count="1" type="cond" truecount="3" falsecount="3"/>
        <line num="375" count="1" type="stmt"/>
        <line num="386" count="1" type="stmt"/>
        <line num="387" count="1" type="stmt"/>
        <line num="388" count="1" type="stmt"/>
        <line num="389" count="1" type="cond" truecount="3" falsecount="2"/>
        <line num="390" count="1" type="cond" truecount="3" falsecount="3"/>
        <line num="391" count="1" type="stmt"/>
        <line num="402" count="1" type="stmt"/>
        <line num="403" count="1" type="stmt"/>
        <line num="404" count="1" type="stmt"/>
        <line num="405" count="1" type="stmt"/>
        <line num="416" count="1" type="stmt"/>
        <line num="417" count="1" type="stmt"/>
        <line num="418" count="1" type="stmt"/>
        <line num="419" count="1" type="stmt"/>
        <line num="430" count="1" type="stmt"/>
        <line num="431" count="0" type="stmt"/>
        <line num="432" count="0" type="stmt"/>
        <line num="433" count="0" type="stmt"/>
        <line num="442" count="1" type="stmt"/>
        <line num="443" count="3" type="stmt"/>
        <line num="452" count="1" type="stmt"/>
        <line num="453" count="3" type="stmt"/>
        <line num="462" count="1" type="stmt"/>
        <line num="463" count="1" type="stmt"/>
        <line num="464" count="1" type="stmt"/>
        <line num="465" count="1" type="stmt"/>
        <line num="466" count="1" type="stmt"/>
        <line num="475" count="1" type="stmt"/>
        <line num="476" count="1" type="stmt"/>
        <line num="477" count="1" type="stmt"/>
        <line num="478" count="1" type="stmt"/>
        <line num="479" count="1" type="stmt"/>
        <line num="480" count="1" type="stmt"/>
        <line num="481" count="1" type="stmt"/>
        <line num="491" count="1" type="stmt"/>
        <line num="492" count="0" type="stmt"/>
        <line num="493" count="0" type="stmt"/>
        <line num="494" count="0" type="stmt"/>
        <line num="495" count="0" type="stmt"/>
        <line num="506" count="1" type="stmt"/>
        <line num="507" count="1" type="cond" truecount="2" falsecount="2"/>
        <line num="518" count="1" type="stmt"/>
        <line num="519" count="0" type="stmt"/>
        <line num="520" count="0" type="stmt"/>
        <line num="522" count="0" type="stmt"/>
        <line num="525" count="0" type="stmt"/>
        <line num="529" count="0" type="stmt"/>
        <line num="533" count="0" type="stmt"/>
        <line num="544" count="1" type="stmt"/>
        <line num="545" count="0" type="stmt"/>
        <line num="546" count="0" type="stmt"/>
        <line num="548" count="0" type="stmt"/>
        <line num="551" count="0" type="stmt"/>
        <line num="555" count="0" type="stmt"/>
        <line num="559" count="0" type="stmt"/>
        <line num="569" count="1" type="stmt"/>
        <line num="570" count="0" type="stmt"/>
        <line num="571" count="0" type="stmt"/>
        <line num="572" count="0" type="stmt"/>
        <line num="575" count="0" type="stmt"/>
        <line num="578" count="0" type="stmt"/>
        <line num="589" count="1" type="stmt"/>
        <line num="590" count="0" type="stmt"/>
        <line num="591" count="0" type="stmt"/>
        <line num="592" count="0" type="stmt"/>
        <line num="595" count="0" type="stmt"/>
        <line num="598" count="0" type="stmt"/>
        <line num="608" count="1" type="stmt"/>
        <line num="609" count="0" type="stmt"/>
      </file>
      <file name="Vec3.js" path="C:\Users\Ryper\Ryper_Prog\WebGLMath\js\Vec3.js">
        <metrics statements="258" coveredstatements="187" conditionals="308" coveredconditionals="206" methods="43" coveredmethods="28"/>
        <line num="32" count="2" type="stmt"/>
        <line num="38" count="5" type="stmt"/>
        <line num="46" count="2" type="stmt"/>
        <line num="54" count="2" type="stmt"/>
        <line num="55" count="1" type="stmt"/>
        <line num="56" count="1" type="stmt"/>
        <line num="57" count="1" type="stmt"/>
        <line num="65" count="2" type="stmt"/>
        <line num="66" count="335" type="stmt"/>
        <line num="67" count="0" type="stmt"/>
        <line num="75" count="2" type="stmt"/>
        <line num="76" count="335" type="stmt"/>
        <line num="77" count="0" type="stmt"/>
        <line num="85" count="2" type="stmt"/>
        <line num="86" count="235" type="stmt"/>
        <line num="87" count="0" type="stmt"/>
        <line num="99" count="2" type="stmt"/>
        <line num="100" count="20" type="cond" truecount="4" falsecount="0"/>
        <line num="101" count="20" type="cond" truecount="4" falsecount="0"/>
        <line num="102" count="20" type="cond" truecount="4" falsecount="0"/>
        <line num="103" count="20" type="stmt"/>
        <line num="115" count="2" type="stmt"/>
        <line num="116" count="50" type="stmt"/>
        <line num="117" count="50" type="stmt"/>
        <line num="118" count="50" type="cond" truecount="2" falsecount="2"/>
        <line num="119" count="50" type="cond" truecount="3" falsecount="2"/>
        <line num="120" count="50" type="stmt"/>
        <line num="121" count="50" type="cond" truecount="2" falsecount="2"/>
        <line num="122" count="50" type="cond" truecount="3" falsecount="2"/>
        <line num="123" count="50" type="stmt"/>
        <line num="124" count="50" type="cond" truecount="4" falsecount="0"/>
        <line num="125" count="50" type="cond" truecount="5" falsecount="0"/>
        <line num="126" count="50" type="stmt"/>
        <line num="127" count="50" type="stmt"/>
        <line num="138" count="2" type="stmt"/>
        <line num="139" count="50" type="cond" truecount="3" falsecount="1"/>
        <line num="140" count="50" type="cond" truecount="4" falsecount="1"/>
        <line num="141" count="50" type="stmt"/>
        <line num="142" count="50" type="cond" truecount="3" falsecount="1"/>
        <line num="143" count="50" type="cond" truecount="4" falsecount="1"/>
        <line num="144" count="50" type="stmt"/>
        <line num="145" count="50" type="cond" truecount="3" falsecount="1"/>
        <line num="146" count="50" type="cond" truecount="4" falsecount="1"/>
        <line num="147" count="50" type="stmt"/>
        <line num="148" count="50" type="stmt"/>
        <line num="159" count="2" type="stmt"/>
        <line num="160" count="50" type="cond" truecount="3" falsecount="1"/>
        <line num="161" count="50" type="cond" truecount="2" falsecount="0"/>
        <line num="162" count="3" type="stmt"/>
        <line num="164" count="50" type="cond" truecount="3" falsecount="1"/>
        <line num="165" count="50" type="cond" truecount="1" falsecount="1"/>
        <line num="166" count="0" type="stmt"/>
        <line num="168" count="50" type="cond" truecount="3" falsecount="1"/>
        <line num="169" count="50" type="cond" truecount="1" falsecount="1"/>
        <line num="170" count="0" type="stmt"/>
        <line num="172" count="50" type="cond" truecount="5" falsecount="0"/>
        <line num="173" count="50" type="cond" truecount="2" falsecount="0"/>
        <line num="174" count="47" type="stmt"/>
        <line num="176" count="50" type="cond" truecount="5" falsecount="0"/>
        <line num="177" count="50" type="cond" truecount="2" falsecount="0"/>
        <line num="178" count="49" type="stmt"/>
        <line num="180" count="50" type="cond" truecount="5" falsecount="0"/>
        <line num="181" count="50" type="cond" truecount="1" falsecount="1"/>
        <line num="182" count="0" type="stmt"/>
        <line num="184" count="50" type="stmt"/>
        <line num="196" count="2" type="stmt"/>
        <line num="197" count="50" type="cond" truecount="3" falsecount="1"/>
        <line num="198" count="50" type="cond" truecount="4" falsecount="1"/>
        <line num="199" count="50" type="cond" truecount="2" falsecount="0"/>
        <line num="200" count="18" type="stmt"/>
        <line num="201" count="32" type="cond" truecount="2" falsecount="0"/>
        <line num="202" count="28" type="stmt"/>
        <line num="204" count="4" type="stmt"/>
        <line num="206" count="50" type="cond" truecount="3" falsecount="1"/>
        <line num="207" count="50" type="cond" truecount="4" falsecount="1"/>
        <line num="208" count="50" type="cond" truecount="2" falsecount="0"/>
        <line num="209" count="25" type="stmt"/>
        <line num="210" count="25" type="cond" truecount="2" falsecount="0"/>
        <line num="211" count="22" type="stmt"/>
        <line num="213" count="3" type="stmt"/>
        <line num="215" count="50" type="cond" truecount="3" falsecount="1"/>
        <line num="216" count="50" type="cond" truecount="4" falsecount="1"/>
        <line num="217" count="50" type="cond" truecount="2" falsecount="0"/>
        <line num="218" count="25" type="stmt"/>
        <line num="219" count="25" type="cond" truecount="2" falsecount="0"/>
        <line num="220" count="19" type="stmt"/>
        <line num="222" count="6" type="stmt"/>
        <line num="224" count="50" type="stmt"/>
        <line num="236" count="2" type="stmt"/>
        <line num="237" count="1" type="cond" truecount="2" falsecount="2"/>
        <line num="238" count="1" type="cond" truecount="2" falsecount="2"/>
        <line num="239" count="1" type="cond" truecount="2" falsecount="2"/>
        <line num="240" count="1" type="stmt"/>
        <line num="253" count="2" type="stmt"/>
        <line num="254" count="0" type="cond" truecount="0" falsecount="4"/>
        <line num="255" count="0" type="cond" truecount="0" falsecount="4"/>
        <line num="256" count="0" type="cond" truecount="0" falsecount="4"/>
        <line num="257" count="0" type="stmt"/>
        <line num="270" count="2" type="stmt"/>
        <line num="271" count="1" type="stmt"/>
        <line num="272" count="1" type="stmt"/>
        <line num="273" count="1" type="cond" truecount="2" falsecount="2"/>
        <line num="274" count="1" type="cond" truecount="2" falsecount="2"/>
        <line num="275" count="1" type="cond" truecount="2" falsecount="2"/>
        <line num="276" count="1" type="stmt"/>
        <line num="287" count="2" type="stmt"/>
        <line num="288" count="1" type="stmt"/>
        <line num="289" count="1" type="stmt"/>
        <line num="290" count="1" type="stmt"/>
        <line num="291" count="1" type="stmt"/>
        <line num="303" count="2" type="stmt"/>
        <line num="304" count="1" type="cond" truecount="2" falsecount="2"/>
        <line num="305" count="1" type="cond" truecount="2" falsecount="2"/>
        <line num="306" count="1" type="cond" truecount="2" falsecount="2"/>
        <line num="307" count="1" type="stmt"/>
        <line num="319" count="2" type="stmt"/>
        <line num="320" count="1" type="stmt"/>
        <line num="321" count="1" type="stmt"/>
        <line num="322" count="1" type="cond" truecount="2" falsecount="2"/>
        <line num="323" count="1" type="cond" truecount="2" falsecount="2"/>
        <line num="324" count="1" type="cond" truecount="2" falsecount="2"/>
        <line num="325" count="1" type="stmt"/>
        <line num="336" count="2" type="stmt"/>
        <line num="337" count="1" type="stmt"/>
        <line num="338" count="1" type="stmt"/>
        <line num="339" count="1" type="stmt"/>
        <line num="340" count="1" type="stmt"/>
        <line num="352" count="2" type="stmt"/>
        <line num="353" count="2" type="cond" truecount="4" falsecount="1"/>
        <line num="354" count="2" type="cond" truecount="5" falsecount="1"/>
        <line num="355" count="2" type="cond" truecount="5" falsecount="1"/>
        <line num="356" count="2" type="stmt"/>
        <line num="368" count="2" type="stmt"/>
        <line num="369" count="2" type="stmt"/>
        <line num="370" count="2" type="stmt"/>
        <line num="371" count="2" type="cond" truecount="4" falsecount="1"/>
        <line num="372" count="2" type="cond" truecount="5" falsecount="1"/>
        <line num="373" count="2" type="cond" truecount="5" falsecount="1"/>
        <line num="374" count="2" type="stmt"/>
        <line num="384" count="2" type="stmt"/>
        <line num="385" count="0" type="stmt"/>
        <line num="386" count="0" type="stmt"/>
        <line num="387" count="0" type="stmt"/>
        <line num="388" count="0" type="stmt"/>
        <line num="398" count="2" type="stmt"/>
        <line num="399" count="0" type="stmt"/>
        <line num="400" count="0" type="stmt"/>
        <line num="401" count="0" type="stmt"/>
        <line num="402" count="0" type="stmt"/>
        <line num="413" count="2" type="stmt"/>
        <line num="414" count="1" type="stmt"/>
        <line num="415" count="1" type="stmt"/>
        <line num="416" count="1" type="stmt"/>
        <line num="417" count="1" type="stmt"/>
        <line num="429" count="2" type="stmt"/>
        <line num="430" count="1" type="cond" truecount="3" falsecount="2"/>
        <line num="431" count="1" type="cond" truecount="3" falsecount="3"/>
        <line num="432" count="1" type="cond" truecount="3" falsecount="3"/>
        <line num="433" count="1" type="stmt"/>
        <line num="445" count="2" type="stmt"/>
        <line num="446" count="1" type="stmt"/>
        <line num="447" count="1" type="stmt"/>
        <line num="448" count="1" type="cond" truecount="3" falsecount="2"/>
        <line num="449" count="1" type="cond" truecount="3" falsecount="3"/>
        <line num="450" count="1" type="cond" truecount="3" falsecount="3"/>
        <line num="451" count="1" type="stmt"/>
        <line num="462" count="2" type="stmt"/>
        <line num="463" count="1" type="stmt"/>
        <line num="464" count="1" type="stmt"/>
        <line num="465" count="1" type="stmt"/>
        <line num="466" count="1" type="stmt"/>
        <line num="477" count="2" type="stmt"/>
        <line num="478" count="1" type="stmt"/>
        <line num="479" count="1" type="stmt"/>
        <line num="480" count="1" type="stmt"/>
        <line num="481" count="1" type="stmt"/>
        <line num="492" count="2" type="stmt"/>
        <line num="493" count="0" type="stmt"/>
        <line num="494" count="0" type="stmt"/>
        <line num="495" count="0" type="stmt"/>
        <line num="496" count="0" type="stmt"/>
        <line num="505" count="2" type="stmt"/>
        <line num="506" count="3" type="stmt"/>
        <line num="515" count="2" type="stmt"/>
        <line num="516" count="3" type="stmt"/>
        <line num="525" count="2" type="stmt"/>
        <line num="526" count="1" type="stmt"/>
        <line num="527" count="1" type="stmt"/>
        <line num="528" count="1" type="stmt"/>
        <line num="529" count="1" type="stmt"/>
        <line num="530" count="1" type="stmt"/>
        <line num="539" count="2" type="stmt"/>
        <line num="540" count="1" type="stmt"/>
        <line num="541" count="1" type="stmt"/>
        <line num="542" count="1" type="stmt"/>
        <line num="543" count="1" type="stmt"/>
        <line num="544" count="1" type="stmt"/>
        <line num="545" count="1" type="stmt"/>
        <line num="546" count="1" type="stmt"/>
        <line num="556" count="2" type="stmt"/>
        <line num="557" count="0" type="stmt"/>
        <line num="558" count="0" type="stmt"/>
        <line num="559" count="0" type="stmt"/>
        <line num="560" count="0" type="stmt"/>
        <line num="561" count="0" type="stmt"/>
        <line num="573" count="2" type="stmt"/>
        <line num="574" count="1" type="cond" truecount="2" falsecount="2"/>
        <line num="588" count="2" type="stmt"/>
        <line num="589" count="0" type="stmt"/>
        <line num="590" count="0" type="stmt"/>
        <line num="591" count="0" type="cond" truecount="0" falsecount="4"/>
        <line num="592" count="0" type="cond" truecount="0" falsecount="4"/>
        <line num="593" count="0" type="cond" truecount="0" falsecount="4"/>
        <line num="594" count="0" type="stmt"/>
        <line num="595" count="0" type="stmt"/>
        <line num="596" count="0" type="stmt"/>
        <line num="597" count="0" type="stmt"/>
        <line num="608" count="2" type="stmt"/>
        <line num="609" count="0" type="stmt"/>
        <line num="610" count="0" type="stmt"/>
        <line num="611" count="0" type="stmt"/>
        <line num="612" count="0" type="stmt"/>
        <line num="622" count="2" type="stmt"/>
        <line num="623" count="0" type="stmt"/>
        <line num="624" count="0" type="stmt"/>
        <line num="625" count="0" type="stmt"/>
        <line num="627" count="0" type="stmt"/>
        <line num="631" count="0" type="stmt"/>
        <line num="636" count="0" type="stmt"/>
        <line num="641" count="0" type="stmt"/>
        <line num="646" count="0" type="stmt"/>
        <line num="656" count="2" type="stmt"/>
        <line num="657" count="0" type="stmt"/>
        <line num="658" count="0" type="stmt"/>
        <line num="659" count="0" type="stmt"/>
        <line num="661" count="0" type="stmt"/>
        <line num="665" count="0" type="stmt"/>
        <line num="670" count="0" type="stmt"/>
        <line num="675" count="0" type="stmt"/>
        <line num="680" count="0" type="stmt"/>
        <line num="690" count="2" type="stmt"/>
        <line num="691" count="0" type="stmt"/>
        <line num="692" count="0" type="stmt"/>
        <line num="693" count="0" type="stmt"/>
        <line num="694" count="0" type="stmt"/>
        <line num="698" count="0" type="stmt"/>
        <line num="702" count="0" type="stmt"/>
        <line num="706" count="0" type="stmt"/>
        <line num="716" count="2" type="stmt"/>
        <line num="717" count="0" type="stmt"/>
        <line num="718" count="0" type="stmt"/>
        <line num="719" count="0" type="stmt"/>
        <line num="720" count="0" type="stmt"/>
        <line num="724" count="0" type="stmt"/>
        <line num="728" count="0" type="stmt"/>
        <line num="732" count="0" type="stmt"/>
        <line num="742" count="2" type="stmt"/>
        <line num="743" count="0" type="stmt"/>
      </file>
    </metrics>
  </project>
</coverage>
