{"/home/gergely/dev/WebGLMath/js/Vec1.js": {"path":"/home/gergely/dev/WebGLMath/js/Vec1.js","statementMap":{"0":{"start":{"line":12,"column":11},"end":{"line":21,"column":1}},"1":{"start":{"line":18,"column":2},"end":{"line":20,"column":5}},"2":{"start":{"line":23,"column":0},"end":{"line":23,"column":22}},"3":{"start":{"line":32,"column":0},"end":{"line":36,"column":2}},"4":{"start":{"line":33,"column":15},"end":{"line":33,"column":44}},"5":{"start":{"line":34,"column":2},"end":{"line":34,"column":50}},"6":{"start":{"line":35,"column":2},"end":{"line":35,"column":16}},"7":{"start":{"line":43,"column":0},"end":{"line":46,"column":3}},"8":{"start":{"line":44,"column":20},"end":{"line":44,"column":43}},"9":{"start":{"line":45,"column":25},"end":{"line":45,"column":49}},"10":{"start":{"line":55,"column":0},"end":{"line":58,"column":2}},"11":{"start":{"line":56,"column":2},"end":{"line":56,"column":57}},"12":{"start":{"line":57,"column":2},"end":{"line":57,"column":14}},"13":{"start":{"line":69,"column":0},"end":{"line":76,"column":2}},"14":{"start":{"line":70,"column":15},"end":{"line":70,"column":44}},"15":{"start":{"line":71,"column":2},"end":{"line":71,"column":39}},"16":{"start":{"line":72,"column":13},"end":{"line":72,"column":64}},"17":{"start":{"line":73,"column":13},"end":{"line":73,"column":82}},"18":{"start":{"line":74,"column":2},"end":{"line":74,"column":59}},"19":{"start":{"line":75,"column":2},"end":{"line":75,"column":16}},"20":{"start":{"line":86,"column":0},"end":{"line":91,"column":2}},"21":{"start":{"line":87,"column":13},"end":{"line":87,"column":64}},"22":{"start":{"line":88,"column":13},"end":{"line":88,"column":82}},"23":{"start":{"line":89,"column":2},"end":{"line":89,"column":57}},"24":{"start":{"line":90,"column":2},"end":{"line":90,"column":14}},"25":{"start":{"line":101,"column":0},"end":{"line":111,"column":2}},"26":{"start":{"line":102,"column":13},"end":{"line":102,"column":65}},"27":{"start":{"line":103,"column":2},"end":{"line":105,"column":3}},"28":{"start":{"line":104,"column":4},"end":{"line":104,"column":27}},"29":{"start":{"line":106,"column":13},"end":{"line":106,"column":83}},"30":{"start":{"line":107,"column":2},"end":{"line":109,"column":3}},"31":{"start":{"line":108,"column":4},"end":{"line":108,"column":27}},"32":{"start":{"line":110,"column":2},"end":{"line":110,"column":14}},"33":{"start":{"line":122,"column":0},"end":{"line":133,"column":2}},"34":{"start":{"line":123,"column":13},"end":{"line":123,"column":65}},"35":{"start":{"line":124,"column":13},"end":{"line":124,"column":83}},"36":{"start":{"line":125,"column":2},"end":{"line":131,"column":3}},"37":{"start":{"line":126,"column":4},"end":{"line":126,"column":27}},"38":{"start":{"line":127,"column":9},"end":{"line":131,"column":3}},"39":{"start":{"line":128,"column":4},"end":{"line":128,"column":27}},"40":{"start":{"line":130,"column":4},"end":{"line":130,"column":35}},"41":{"start":{"line":132,"column":2},"end":{"line":132,"column":14}},"42":{"start":{"line":142,"column":0},"end":{"line":145,"column":2}},"43":{"start":{"line":143,"column":2},"end":{"line":143,"column":58}},"44":{"start":{"line":144,"column":2},"end":{"line":144,"column":14}},"45":{"start":{"line":155,"column":0},"end":{"line":158,"column":2}},"46":{"start":{"line":156,"column":2},"end":{"line":156,"column":65}},"47":{"start":{"line":157,"column":2},"end":{"line":157,"column":14}},"48":{"start":{"line":167,"column":0},"end":{"line":172,"column":2}},"49":{"start":{"line":168,"column":15},"end":{"line":168,"column":44}},"50":{"start":{"line":169,"column":2},"end":{"line":169,"column":39}},"51":{"start":{"line":170,"column":2},"end":{"line":170,"column":79}},"52":{"start":{"line":171,"column":2},"end":{"line":171,"column":16}},"53":{"start":{"line":182,"column":0},"end":{"line":185,"column":2}},"54":{"start":{"line":183,"column":2},"end":{"line":183,"column":48}},"55":{"start":{"line":184,"column":2},"end":{"line":184,"column":14}},"56":{"start":{"line":194,"column":0},"end":{"line":197,"column":2}},"57":{"start":{"line":195,"column":2},"end":{"line":195,"column":58}},"58":{"start":{"line":196,"column":2},"end":{"line":196,"column":14}},"59":{"start":{"line":206,"column":0},"end":{"line":211,"column":2}},"60":{"start":{"line":207,"column":15},"end":{"line":207,"column":44}},"61":{"start":{"line":208,"column":2},"end":{"line":208,"column":39}},"62":{"start":{"line":209,"column":2},"end":{"line":209,"column":79}},"63":{"start":{"line":210,"column":2},"end":{"line":210,"column":16}},"64":{"start":{"line":221,"column":0},"end":{"line":224,"column":2}},"65":{"start":{"line":222,"column":2},"end":{"line":222,"column":48}},"66":{"start":{"line":223,"column":2},"end":{"line":223,"column":14}},"67":{"start":{"line":233,"column":0},"end":{"line":236,"column":2}},"68":{"start":{"line":234,"column":2},"end":{"line":234,"column":76}},"69":{"start":{"line":235,"column":2},"end":{"line":235,"column":14}},"70":{"start":{"line":245,"column":0},"end":{"line":250,"column":2}},"71":{"start":{"line":246,"column":15},"end":{"line":246,"column":44}},"72":{"start":{"line":247,"column":2},"end":{"line":247,"column":39}},"73":{"start":{"line":248,"column":2},"end":{"line":248,"column":97}},"74":{"start":{"line":249,"column":2},"end":{"line":249,"column":16}},"75":{"start":{"line":260,"column":0},"end":{"line":263,"column":2}},"76":{"start":{"line":261,"column":2},"end":{"line":261,"column":48}},"77":{"start":{"line":262,"column":2},"end":{"line":262,"column":14}},"78":{"start":{"line":272,"column":0},"end":{"line":275,"column":2}},"79":{"start":{"line":273,"column":2},"end":{"line":273,"column":76}},"80":{"start":{"line":274,"column":2},"end":{"line":274,"column":14}},"81":{"start":{"line":284,"column":0},"end":{"line":289,"column":2}},"82":{"start":{"line":285,"column":15},"end":{"line":285,"column":44}},"83":{"start":{"line":286,"column":2},"end":{"line":286,"column":39}},"84":{"start":{"line":287,"column":2},"end":{"line":287,"column":97}},"85":{"start":{"line":288,"column":2},"end":{"line":288,"column":16}},"86":{"start":{"line":299,"column":0},"end":{"line":302,"column":2}},"87":{"start":{"line":300,"column":2},"end":{"line":300,"column":48}},"88":{"start":{"line":301,"column":2},"end":{"line":301,"column":14}},"89":{"start":{"line":312,"column":0},"end":{"line":315,"column":2}},"90":{"start":{"line":313,"column":2},"end":{"line":313,"column":28}},"91":{"start":{"line":314,"column":2},"end":{"line":314,"column":14}},"92":{"start":{"line":325,"column":0},"end":{"line":328,"column":2}},"93":{"start":{"line":326,"column":2},"end":{"line":326,"column":28}},"94":{"start":{"line":327,"column":2},"end":{"line":327,"column":14}},"95":{"start":{"line":337,"column":0},"end":{"line":339,"column":2}},"96":{"start":{"line":338,"column":2},"end":{"line":338,"column":66}},"97":{"start":{"line":349,"column":0},"end":{"line":352,"column":2}},"98":{"start":{"line":350,"column":2},"end":{"line":350,"column":78}},"99":{"start":{"line":351,"column":2},"end":{"line":351,"column":14}},"100":{"start":{"line":362,"column":0},"end":{"line":365,"column":2}},"101":{"start":{"line":363,"column":2},"end":{"line":363,"column":108}},"102":{"start":{"line":364,"column":2},"end":{"line":364,"column":14}},"103":{"start":{"line":375,"column":0},"end":{"line":378,"column":2}},"104":{"start":{"line":376,"column":2},"end":{"line":376,"column":138}},"105":{"start":{"line":377,"column":2},"end":{"line":377,"column":14}},"106":{"start":{"line":387,"column":0},"end":{"line":390,"column":2}},"107":{"start":{"line":388,"column":2},"end":{"line":388,"column":89}},"108":{"start":{"line":389,"column":2},"end":{"line":389,"column":14}},"109":{"start":{"line":399,"column":0},"end":{"line":402,"column":2}},"110":{"start":{"line":400,"column":2},"end":{"line":400,"column":119}},"111":{"start":{"line":401,"column":2},"end":{"line":401,"column":14}},"112":{"start":{"line":411,"column":0},"end":{"line":414,"column":2}},"113":{"start":{"line":412,"column":2},"end":{"line":412,"column":149}},"114":{"start":{"line":413,"column":2},"end":{"line":413,"column":14}},"115":{"start":{"line":423,"column":0},"end":{"line":425,"column":2}},"116":{"start":{"line":424,"column":2},"end":{"line":424,"column":47}}},"fnMap":{"0":{"name":"(anonymous_0)","decl":{"start":{"line":12,"column":11},"end":{"line":12,"column":12}},"loc":{"start":{"line":12,"column":23},"end":{"line":21,"column":1}},"line":12},"1":{"name":"(anonymous_1)","decl":{"start":{"line":32,"column":23},"end":{"line":32,"column":24}},"loc":{"start":{"line":32,"column":34},"end":{"line":36,"column":1}},"line":32},"2":{"name":"(anonymous_2)","decl":{"start":{"line":44,"column":7},"end":{"line":44,"column":8}},"loc":{"start":{"line":44,"column":18},"end":{"line":44,"column":45}},"line":44},"3":{"name":"(anonymous_3)","decl":{"start":{"line":45,"column":7},"end":{"line":45,"column":8}},"loc":{"start":{"line":45,"column":23},"end":{"line":45,"column":51}},"line":45},"4":{"name":"(anonymous_4)","decl":{"start":{"line":55,"column":21},"end":{"line":55,"column":22}},"loc":{"start":{"line":55,"column":33},"end":{"line":58,"column":1}},"line":55},"5":{"name":"(anonymous_5)","decl":{"start":{"line":69,"column":14},"end":{"line":69,"column":15}},"loc":{"start":{"line":69,"column":39},"end":{"line":76,"column":1}},"line":69},"6":{"name":"(anonymous_6)","decl":{"start":{"line":86,"column":27},"end":{"line":86,"column":28}},"loc":{"start":{"line":86,"column":52},"end":{"line":91,"column":1}},"line":86},"7":{"name":"(anonymous_7)","decl":{"start":{"line":101,"column":23},"end":{"line":101,"column":24}},"loc":{"start":{"line":101,"column":48},"end":{"line":111,"column":1}},"line":101},"8":{"name":"(anonymous_8)","decl":{"start":{"line":122,"column":28},"end":{"line":122,"column":29}},"loc":{"start":{"line":122,"column":56},"end":{"line":133,"column":1}},"line":122},"9":{"name":"(anonymous_9)","decl":{"start":{"line":142,"column":21},"end":{"line":142,"column":22}},"loc":{"start":{"line":142,"column":33},"end":{"line":145,"column":1}},"line":142},"10":{"name":"(anonymous_10)","decl":{"start":{"line":155,"column":27},"end":{"line":155,"column":28}},"loc":{"start":{"line":155,"column":43},"end":{"line":158,"column":1}},"line":155},"11":{"name":"(anonymous_11)","decl":{"start":{"line":167,"column":22},"end":{"line":167,"column":23}},"loc":{"start":{"line":167,"column":34},"end":{"line":172,"column":1}},"line":167},"12":{"name":"(anonymous_12)","decl":{"start":{"line":182,"column":24},"end":{"line":182,"column":25}},"loc":{"start":{"line":182,"column":39},"end":{"line":185,"column":1}},"line":182},"13":{"name":"(anonymous_13)","decl":{"start":{"line":194,"column":21},"end":{"line":194,"column":22}},"loc":{"start":{"line":194,"column":33},"end":{"line":197,"column":1}},"line":194},"14":{"name":"(anonymous_14)","decl":{"start":{"line":206,"column":23},"end":{"line":206,"column":24}},"loc":{"start":{"line":206,"column":35},"end":{"line":211,"column":1}},"line":206},"15":{"name":"(anonymous_15)","decl":{"start":{"line":221,"column":31},"end":{"line":221,"column":32}},"loc":{"start":{"line":221,"column":46},"end":{"line":224,"column":1}},"line":221},"16":{"name":"(anonymous_16)","decl":{"start":{"line":233,"column":21},"end":{"line":233,"column":22}},"loc":{"start":{"line":233,"column":33},"end":{"line":236,"column":1}},"line":233},"17":{"name":"(anonymous_17)","decl":{"start":{"line":245,"column":23},"end":{"line":245,"column":24}},"loc":{"start":{"line":245,"column":35},"end":{"line":250,"column":1}},"line":245},"18":{"name":"(anonymous_18)","decl":{"start":{"line":260,"column":28},"end":{"line":260,"column":29}},"loc":{"start":{"line":260,"column":43},"end":{"line":263,"column":1}},"line":260},"19":{"name":"(anonymous_19)","decl":{"start":{"line":272,"column":21},"end":{"line":272,"column":22}},"loc":{"start":{"line":272,"column":33},"end":{"line":275,"column":1}},"line":272},"20":{"name":"(anonymous_20)","decl":{"start":{"line":284,"column":22},"end":{"line":284,"column":23}},"loc":{"start":{"line":284,"column":34},"end":{"line":289,"column":1}},"line":284},"21":{"name":"(anonymous_21)","decl":{"start":{"line":299,"column":29},"end":{"line":299,"column":30}},"loc":{"start":{"line":299,"column":44},"end":{"line":302,"column":1}},"line":299},"22":{"name":"(anonymous_22)","decl":{"start":{"line":312,"column":27},"end":{"line":312,"column":28}},"loc":{"start":{"line":312,"column":42},"end":{"line":315,"column":1}},"line":312},"23":{"name":"(anonymous_23)","decl":{"start":{"line":325,"column":36},"end":{"line":325,"column":37}},"loc":{"start":{"line":325,"column":51},"end":{"line":328,"column":1}},"line":325},"24":{"name":"(anonymous_24)","decl":{"start":{"line":337,"column":21},"end":{"line":337,"column":22}},"loc":{"start":{"line":337,"column":33},"end":{"line":339,"column":1}},"line":337},"25":{"name":"(anonymous_25)","decl":{"start":{"line":349,"column":38},"end":{"line":349,"column":39}},"loc":{"start":{"line":349,"column":53},"end":{"line":352,"column":1}},"line":349},"26":{"name":"(anonymous_26)","decl":{"start":{"line":362,"column":38},"end":{"line":362,"column":39}},"loc":{"start":{"line":362,"column":53},"end":{"line":365,"column":1}},"line":362},"27":{"name":"(anonymous_27)","decl":{"start":{"line":375,"column":38},"end":{"line":375,"column":39}},"loc":{"start":{"line":375,"column":53},"end":{"line":378,"column":1}},"line":375},"28":{"name":"(anonymous_28)","decl":{"start":{"line":387,"column":33},"end":{"line":387,"column":34}},"loc":{"start":{"line":387,"column":45},"end":{"line":390,"column":1}},"line":387},"29":{"name":"(anonymous_29)","decl":{"start":{"line":399,"column":33},"end":{"line":399,"column":34}},"loc":{"start":{"line":399,"column":45},"end":{"line":402,"column":1}},"line":399},"30":{"name":"(anonymous_30)","decl":{"start":{"line":411,"column":33},"end":{"line":411,"column":34}},"loc":{"start":{"line":411,"column":45},"end":{"line":414,"column":1}},"line":411},"31":{"name":"(anonymous_31)","decl":{"start":{"line":423,"column":24},"end":{"line":423,"column":25}},"loc":{"start":{"line":423,"column":54},"end":{"line":425,"column":1}},"line":423}},"branchMap":{"0":{"loc":{"start":{"line":19,"column":4},"end":{"line":19,"column":40}},"type":"binary-expr","locations":[{"start":{"line":19,"column":4},"end":{"line":19,"column":5}},{"start":{"line":19,"column":9},"end":{"line":19,"column":12}},{"start":{"line":19,"column":16},"end":{"line":19,"column":35}},{"start":{"line":19,"column":39},"end":{"line":19,"column":40}}],"line":19},"1":{"loc":{"start":{"line":56,"column":20},"end":{"line":56,"column":56}},"type":"binary-expr","locations":[{"start":{"line":56,"column":20},"end":{"line":56,"column":21}},{"start":{"line":56,"column":25},"end":{"line":56,"column":28}},{"start":{"line":56,"column":32},"end":{"line":56,"column":51}},{"start":{"line":56,"column":55},"end":{"line":56,"column":56}}],"line":56},"2":{"loc":{"start":{"line":72,"column":13},"end":{"line":72,"column":64}},"type":"binary-expr","locations":[{"start":{"line":72,"column":13},"end":{"line":72,"column":19}},{"start":{"line":72,"column":23},"end":{"line":72,"column":31}},{"start":{"line":72,"column":35},"end":{"line":72,"column":59}},{"start":{"line":72,"column":63},"end":{"line":72,"column":64}}],"line":72},"3":{"loc":{"start":{"line":73,"column":13},"end":{"line":73,"column":82}},"type":"binary-expr","locations":[{"start":{"line":73,"column":13},"end":{"line":73,"column":19}},{"start":{"line":73,"column":23},"end":{"line":73,"column":82}}],"line":73},"4":{"loc":{"start":{"line":73,"column":24},"end":{"line":73,"column":77}},"type":"binary-expr","locations":[{"start":{"line":73,"column":25},"end":{"line":73,"column":37}},{"start":{"line":73,"column":43},"end":{"line":73,"column":71}},{"start":{"line":73,"column":76},"end":{"line":73,"column":77}}],"line":73},"5":{"loc":{"start":{"line":87,"column":13},"end":{"line":87,"column":64}},"type":"binary-expr","locations":[{"start":{"line":87,"column":13},"end":{"line":87,"column":19}},{"start":{"line":87,"column":23},"end":{"line":87,"column":31}},{"start":{"line":87,"column":35},"end":{"line":87,"column":59}},{"start":{"line":87,"column":63},"end":{"line":87,"column":64}}],"line":87},"6":{"loc":{"start":{"line":88,"column":13},"end":{"line":88,"column":82}},"type":"binary-expr","locations":[{"start":{"line":88,"column":13},"end":{"line":88,"column":19}},{"start":{"line":88,"column":23},"end":{"line":88,"column":82}}],"line":88},"7":{"loc":{"start":{"line":88,"column":24},"end":{"line":88,"column":77}},"type":"binary-expr","locations":[{"start":{"line":88,"column":25},"end":{"line":88,"column":37}},{"start":{"line":88,"column":43},"end":{"line":88,"column":71}},{"start":{"line":88,"column":76},"end":{"line":88,"column":77}}],"line":88},"8":{"loc":{"start":{"line":102,"column":13},"end":{"line":102,"column":65}},"type":"binary-expr","locations":[{"start":{"line":102,"column":13},"end":{"line":102,"column":19}},{"start":{"line":102,"column":23},"end":{"line":102,"column":31}},{"start":{"line":102,"column":35},"end":{"line":102,"column":60}},{"start":{"line":102,"column":64},"end":{"line":102,"column":65}}],"line":102},"9":{"loc":{"start":{"line":103,"column":2},"end":{"line":105,"column":3}},"type":"if","locations":[{"start":{"line":103,"column":2},"end":{"line":105,"column":3}},{"start":{"line":103,"column":2},"end":{"line":105,"column":3}}],"line":103},"10":{"loc":{"start":{"line":106,"column":13},"end":{"line":106,"column":83}},"type":"binary-expr","locations":[{"start":{"line":106,"column":13},"end":{"line":106,"column":19}},{"start":{"line":106,"column":23},"end":{"line":106,"column":83}}],"line":106},"11":{"loc":{"start":{"line":106,"column":24},"end":{"line":106,"column":78}},"type":"binary-expr","locations":[{"start":{"line":106,"column":25},"end":{"line":106,"column":37}},{"start":{"line":106,"column":43},"end":{"line":106,"column":72}},{"start":{"line":106,"column":77},"end":{"line":106,"column":78}}],"line":106},"12":{"loc":{"start":{"line":107,"column":2},"end":{"line":109,"column":3}},"type":"if","locations":[{"start":{"line":107,"column":2},"end":{"line":109,"column":3}},{"start":{"line":107,"column":2},"end":{"line":109,"column":3}}],"line":107},"13":{"loc":{"start":{"line":123,"column":13},"end":{"line":123,"column":65}},"type":"binary-expr","locations":[{"start":{"line":123,"column":13},"end":{"line":123,"column":19}},{"start":{"line":123,"column":23},"end":{"line":123,"column":31}},{"start":{"line":123,"column":35},"end":{"line":123,"column":60}},{"start":{"line":123,"column":64},"end":{"line":123,"column":65}}],"line":123},"14":{"loc":{"start":{"line":124,"column":13},"end":{"line":124,"column":83}},"type":"binary-expr","locations":[{"start":{"line":124,"column":13},"end":{"line":124,"column":19}},{"start":{"line":124,"column":23},"end":{"line":124,"column":83}}],"line":124},"15":{"loc":{"start":{"line":124,"column":24},"end":{"line":124,"column":78}},"type":"binary-expr","locations":[{"start":{"line":124,"column":25},"end":{"line":124,"column":37}},{"start":{"line":124,"column":43},"end":{"line":124,"column":72}},{"start":{"line":124,"column":77},"end":{"line":124,"column":78}}],"line":124},"16":{"loc":{"start":{"line":125,"column":2},"end":{"line":131,"column":3}},"type":"if","locations":[{"start":{"line":125,"column":2},"end":{"line":131,"column":3}},{"start":{"line":125,"column":2},"end":{"line":131,"column":3}}],"line":125},"17":{"loc":{"start":{"line":127,"column":9},"end":{"line":131,"column":3}},"type":"if","locations":[{"start":{"line":127,"column":9},"end":{"line":131,"column":3}},{"start":{"line":127,"column":9},"end":{"line":131,"column":3}}],"line":127},"18":{"loc":{"start":{"line":143,"column":21},"end":{"line":143,"column":57}},"type":"binary-expr","locations":[{"start":{"line":143,"column":21},"end":{"line":143,"column":22}},{"start":{"line":143,"column":26},"end":{"line":143,"column":29}},{"start":{"line":143,"column":33},"end":{"line":143,"column":52}},{"start":{"line":143,"column":56},"end":{"line":143,"column":57}}],"line":143},"19":{"loc":{"start":{"line":156,"column":27},"end":{"line":156,"column":63}},"type":"binary-expr","locations":[{"start":{"line":156,"column":27},"end":{"line":156,"column":28}},{"start":{"line":156,"column":32},"end":{"line":156,"column":35}},{"start":{"line":156,"column":39},"end":{"line":156,"column":58}},{"start":{"line":156,"column":62},"end":{"line":156,"column":63}}],"line":156},"20":{"loc":{"start":{"line":170,"column":41},"end":{"line":170,"column":77}},"type":"binary-expr","locations":[{"start":{"line":170,"column":41},"end":{"line":170,"column":42}},{"start":{"line":170,"column":46},"end":{"line":170,"column":49}},{"start":{"line":170,"column":53},"end":{"line":170,"column":72}},{"start":{"line":170,"column":76},"end":{"line":170,"column":77}}],"line":170},"21":{"loc":{"start":{"line":195,"column":21},"end":{"line":195,"column":57}},"type":"binary-expr","locations":[{"start":{"line":195,"column":21},"end":{"line":195,"column":22}},{"start":{"line":195,"column":26},"end":{"line":195,"column":29}},{"start":{"line":195,"column":33},"end":{"line":195,"column":52}},{"start":{"line":195,"column":56},"end":{"line":195,"column":57}}],"line":195},"22":{"loc":{"start":{"line":209,"column":41},"end":{"line":209,"column":77}},"type":"binary-expr","locations":[{"start":{"line":209,"column":41},"end":{"line":209,"column":42}},{"start":{"line":209,"column":46},"end":{"line":209,"column":49}},{"start":{"line":209,"column":53},"end":{"line":209,"column":72}},{"start":{"line":209,"column":76},"end":{"line":209,"column":77}}],"line":209},"23":{"loc":{"start":{"line":234,"column":21},"end":{"line":234,"column":75}},"type":"binary-expr","locations":[{"start":{"line":234,"column":21},"end":{"line":234,"column":22}},{"start":{"line":234,"column":26},"end":{"line":234,"column":75}}],"line":234},"24":{"loc":{"start":{"line":234,"column":27},"end":{"line":234,"column":70}},"type":"binary-expr","locations":[{"start":{"line":234,"column":28},"end":{"line":234,"column":35}},{"start":{"line":234,"column":41},"end":{"line":234,"column":64}},{"start":{"line":234,"column":69},"end":{"line":234,"column":70}}],"line":234},"25":{"loc":{"start":{"line":248,"column":41},"end":{"line":248,"column":95}},"type":"binary-expr","locations":[{"start":{"line":248,"column":41},"end":{"line":248,"column":42}},{"start":{"line":248,"column":46},"end":{"line":248,"column":95}}],"line":248},"26":{"loc":{"start":{"line":248,"column":47},"end":{"line":248,"column":90}},"type":"binary-expr","locations":[{"start":{"line":248,"column":48},"end":{"line":248,"column":55}},{"start":{"line":248,"column":61},"end":{"line":248,"column":84}},{"start":{"line":248,"column":89},"end":{"line":248,"column":90}}],"line":248},"27":{"loc":{"start":{"line":273,"column":21},"end":{"line":273,"column":75}},"type":"binary-expr","locations":[{"start":{"line":273,"column":21},"end":{"line":273,"column":22}},{"start":{"line":273,"column":26},"end":{"line":273,"column":75}}],"line":273},"28":{"loc":{"start":{"line":273,"column":27},"end":{"line":273,"column":70}},"type":"binary-expr","locations":[{"start":{"line":273,"column":28},"end":{"line":273,"column":35}},{"start":{"line":273,"column":41},"end":{"line":273,"column":64}},{"start":{"line":273,"column":69},"end":{"line":273,"column":70}}],"line":273},"29":{"loc":{"start":{"line":287,"column":41},"end":{"line":287,"column":95}},"type":"binary-expr","locations":[{"start":{"line":287,"column":41},"end":{"line":287,"column":42}},{"start":{"line":287,"column":46},"end":{"line":287,"column":95}}],"line":287},"30":{"loc":{"start":{"line":287,"column":47},"end":{"line":287,"column":90}},"type":"binary-expr","locations":[{"start":{"line":287,"column":48},"end":{"line":287,"column":55}},{"start":{"line":287,"column":61},"end":{"line":287,"column":84}},{"start":{"line":287,"column":89},"end":{"line":287,"column":90}}],"line":287},"31":{"loc":{"start":{"line":338,"column":28},"end":{"line":338,"column":64}},"type":"binary-expr","locations":[{"start":{"line":338,"column":28},"end":{"line":338,"column":29}},{"start":{"line":338,"column":33},"end":{"line":338,"column":36}},{"start":{"line":338,"column":40},"end":{"line":338,"column":59}},{"start":{"line":338,"column":63},"end":{"line":338,"column":64}}],"line":338}},"s":{"0":1,"1":4,"2":1,"3":1,"4":1,"5":1,"6":1,"7":1,"8":435,"9":0,"10":1,"11":18,"12":18,"13":1,"14":50,"15":50,"16":50,"17":50,"18":50,"19":50,"20":1,"21":50,"22":50,"23":50,"24":50,"25":1,"26":50,"27":50,"28":2,"29":50,"30":50,"31":48,"32":50,"33":1,"34":50,"35":50,"36":50,"37":25,"38":25,"39":23,"40":2,"41":50,"42":1,"43":1,"44":1,"45":1,"46":0,"47":0,"48":1,"49":1,"50":1,"51":1,"52":1,"53":1,"54":1,"55":1,"56":1,"57":1,"58":1,"59":1,"60":1,"61":1,"62":1,"63":1,"64":1,"65":1,"66":1,"67":1,"68":2,"69":2,"70":1,"71":2,"72":2,"73":2,"74":2,"75":1,"76":1,"77":1,"78":1,"79":1,"80":1,"81":1,"82":1,"83":1,"84":1,"85":1,"86":1,"87":1,"88":1,"89":1,"90":1,"91":1,"92":1,"93":0,"94":0,"95":1,"96":1,"97":1,"98":0,"99":0,"100":1,"101":1,"102":1,"103":1,"104":0,"105":0,"106":1,"107":0,"108":0,"109":1,"110":1,"111":1,"112":1,"113":0,"114":0,"115":1,"116":0},"f":{"0":4,"1":1,"2":435,"3":0,"4":18,"5":50,"6":50,"7":50,"8":50,"9":1,"10":0,"11":1,"12":1,"13":1,"14":1,"15":1,"16":2,"17":2,"18":1,"19":1,"20":1,"21":1,"22":1,"23":0,"24":1,"25":0,"26":1,"27":0,"28":0,"29":1,"30":0,"31":0},"b":{"0":[4,4,4,0],"1":[18,17,12,1],"2":[50,50,50,0],"3":[50,50],"4":[50,50,0],"5":[50,50,50,0],"6":[50,50],"7":[50,50,0],"8":[50,0,50,50],"9":[2,48],"10":[50,50],"11":[50,50,50],"12":[48,2],"13":[50,50,50,0],"14":[50,50],"15":[50,50,0],"16":[25,25],"17":[23,2],"18":[1,1,0,0],"19":[0,0,0,0],"20":[1,1,0,0],"21":[1,1,0,0],"22":[1,1,0,0],"23":[2,2],"24":[2,1,0],"25":[2,2],"26":[2,1,0],"27":[1,1],"28":[1,0,0],"29":[1,1],"30":[1,0,0],"31":[1,1,0,0]},"_coverageSchema":"332fd63041d2c1bcb487cc26dd0d5f7d97098a6c","hash":"c3c5580b0a00f1cad005f9a73cd4533d0eff006c"}
,"/home/gergely/dev/WebGLMath/js/Vec2.js": {"path":"/home/gergely/dev/WebGLMath/js/Vec2.js","statementMap":{"0":{"start":{"line":30,"column":11},"end":{"line":40,"column":1}},"1":{"start":{"line":36,"column":2},"end":{"line":39,"column":5}},"2":{"start":{"line":43,"column":0},"end":{"line":43,"column":22}},"3":{"start":{"line":51,"column":0},"end":{"line":55,"column":2}},"4":{"start":{"line":52,"column":15},"end":{"line":52,"column":44}},"5":{"start":{"line":53,"column":2},"end":{"line":53,"column":50}},"6":{"start":{"line":54,"column":2},"end":{"line":54,"column":16}},"7":{"start":{"line":62,"column":0},"end":{"line":65,"column":3}},"8":{"start":{"line":63,"column":20},"end":{"line":63,"column":43}},"9":{"start":{"line":64,"column":25},"end":{"line":64,"column":49}},"10":{"start":{"line":72,"column":0},"end":{"line":75,"column":3}},"11":{"start":{"line":73,"column":20},"end":{"line":73,"column":43}},"12":{"start":{"line":74,"column":25},"end":{"line":74,"column":49}},"13":{"start":{"line":85,"column":0},"end":{"line":89,"column":2}},"14":{"start":{"line":86,"column":2},"end":{"line":86,"column":57}},"15":{"start":{"line":87,"column":2},"end":{"line":87,"column":57}},"16":{"start":{"line":88,"column":2},"end":{"line":88,"column":14}},"17":{"start":{"line":100,"column":0},"end":{"line":110,"column":2}},"18":{"start":{"line":101,"column":15},"end":{"line":101,"column":44}},"19":{"start":{"line":102,"column":2},"end":{"line":102,"column":39}},"20":{"start":{"line":103,"column":13},"end":{"line":103,"column":64}},"21":{"start":{"line":104,"column":13},"end":{"line":104,"column":82}},"22":{"start":{"line":105,"column":2},"end":{"line":105,"column":59}},"23":{"start":{"line":106,"column":2},"end":{"line":106,"column":61}},"24":{"start":{"line":107,"column":2},"end":{"line":107,"column":79}},"25":{"start":{"line":108,"column":2},"end":{"line":108,"column":59}},"26":{"start":{"line":109,"column":2},"end":{"line":109,"column":16}},"27":{"start":{"line":120,"column":0},"end":{"line":128,"column":2}},"28":{"start":{"line":121,"column":13},"end":{"line":121,"column":64}},"29":{"start":{"line":122,"column":13},"end":{"line":122,"column":82}},"30":{"start":{"line":123,"column":2},"end":{"line":123,"column":57}},"31":{"start":{"line":124,"column":2},"end":{"line":124,"column":61}},"32":{"start":{"line":125,"column":2},"end":{"line":125,"column":79}},"33":{"start":{"line":126,"column":2},"end":{"line":126,"column":57}},"34":{"start":{"line":127,"column":2},"end":{"line":127,"column":14}},"35":{"start":{"line":138,"column":0},"end":{"line":156,"column":2}},"36":{"start":{"line":139,"column":13},"end":{"line":139,"column":64}},"37":{"start":{"line":140,"column":2},"end":{"line":142,"column":3}},"38":{"start":{"line":141,"column":4},"end":{"line":141,"column":27}},"39":{"start":{"line":143,"column":2},"end":{"line":143,"column":61}},"40":{"start":{"line":144,"column":2},"end":{"line":146,"column":3}},"41":{"start":{"line":145,"column":4},"end":{"line":145,"column":27}},"42":{"start":{"line":147,"column":13},"end":{"line":147,"column":82}},"43":{"start":{"line":148,"column":2},"end":{"line":150,"column":3}},"44":{"start":{"line":149,"column":4},"end":{"line":149,"column":27}},"45":{"start":{"line":151,"column":2},"end":{"line":151,"column":79}},"46":{"start":{"line":152,"column":2},"end":{"line":154,"column":3}},"47":{"start":{"line":153,"column":4},"end":{"line":153,"column":27}},"48":{"start":{"line":155,"column":2},"end":{"line":155,"column":14}},"49":{"start":{"line":167,"column":0},"end":{"line":187,"column":2}},"50":{"start":{"line":168,"column":13},"end":{"line":168,"column":64}},"51":{"start":{"line":169,"column":13},"end":{"line":169,"column":82}},"52":{"start":{"line":170,"column":2},"end":{"line":176,"column":3}},"53":{"start":{"line":171,"column":4},"end":{"line":171,"column":27}},"54":{"start":{"line":172,"column":9},"end":{"line":176,"column":3}},"55":{"start":{"line":173,"column":4},"end":{"line":173,"column":27}},"56":{"start":{"line":175,"column":4},"end":{"line":175,"column":35}},"57":{"start":{"line":177,"column":2},"end":{"line":177,"column":61}},"58":{"start":{"line":178,"column":2},"end":{"line":178,"column":79}},"59":{"start":{"line":179,"column":2},"end":{"line":185,"column":3}},"60":{"start":{"line":180,"column":4},"end":{"line":180,"column":27}},"61":{"start":{"line":181,"column":9},"end":{"line":185,"column":3}},"62":{"start":{"line":182,"column":4},"end":{"line":182,"column":27}},"63":{"start":{"line":184,"column":4},"end":{"line":184,"column":35}},"64":{"start":{"line":186,"column":2},"end":{"line":186,"column":14}},"65":{"start":{"line":197,"column":0},"end":{"line":201,"column":2}},"66":{"start":{"line":198,"column":2},"end":{"line":198,"column":58}},"67":{"start":{"line":199,"column":2},"end":{"line":199,"column":58}},"68":{"start":{"line":200,"column":2},"end":{"line":200,"column":14}},"69":{"start":{"line":212,"column":0},"end":{"line":216,"column":2}},"70":{"start":{"line":213,"column":2},"end":{"line":213,"column":65}},"71":{"start":{"line":214,"column":2},"end":{"line":214,"column":65}},"72":{"start":{"line":215,"column":2},"end":{"line":215,"column":14}},"73":{"start":{"line":226,"column":0},"end":{"line":232,"column":2}},"74":{"start":{"line":227,"column":15},"end":{"line":227,"column":44}},"75":{"start":{"line":228,"column":2},"end":{"line":228,"column":39}},"76":{"start":{"line":229,"column":2},"end":{"line":229,"column":79}},"77":{"start":{"line":230,"column":2},"end":{"line":230,"column":79}},"78":{"start":{"line":231,"column":2},"end":{"line":231,"column":16}},"79":{"start":{"line":242,"column":0},"end":{"line":246,"column":2}},"80":{"start":{"line":243,"column":2},"end":{"line":243,"column":48}},"81":{"start":{"line":244,"column":2},"end":{"line":244,"column":48}},"82":{"start":{"line":245,"column":2},"end":{"line":245,"column":14}},"83":{"start":{"line":256,"column":0},"end":{"line":260,"column":2}},"84":{"start":{"line":257,"column":2},"end":{"line":257,"column":58}},"85":{"start":{"line":258,"column":2},"end":{"line":258,"column":58}},"86":{"start":{"line":259,"column":2},"end":{"line":259,"column":14}},"87":{"start":{"line":270,"column":0},"end":{"line":276,"column":2}},"88":{"start":{"line":271,"column":15},"end":{"line":271,"column":44}},"89":{"start":{"line":272,"column":2},"end":{"line":272,"column":39}},"90":{"start":{"line":273,"column":2},"end":{"line":273,"column":79}},"91":{"start":{"line":274,"column":2},"end":{"line":274,"column":79}},"92":{"start":{"line":275,"column":2},"end":{"line":275,"column":16}},"93":{"start":{"line":286,"column":0},"end":{"line":290,"column":2}},"94":{"start":{"line":287,"column":2},"end":{"line":287,"column":48}},"95":{"start":{"line":288,"column":2},"end":{"line":288,"column":48}},"96":{"start":{"line":289,"column":2},"end":{"line":289,"column":14}},"97":{"start":{"line":300,"column":0},"end":{"line":304,"column":2}},"98":{"start":{"line":301,"column":2},"end":{"line":301,"column":76}},"99":{"start":{"line":302,"column":2},"end":{"line":302,"column":105}},"100":{"start":{"line":303,"column":2},"end":{"line":303,"column":14}},"101":{"start":{"line":314,"column":0},"end":{"line":320,"column":2}},"102":{"start":{"line":315,"column":15},"end":{"line":315,"column":44}},"103":{"start":{"line":316,"column":2},"end":{"line":316,"column":39}},"104":{"start":{"line":317,"column":2},"end":{"line":317,"column":97}},"105":{"start":{"line":318,"column":2},"end":{"line":318,"column":126}},"106":{"start":{"line":319,"column":2},"end":{"line":319,"column":16}},"107":{"start":{"line":329,"column":0},"end":{"line":334,"column":2}},"108":{"start":{"line":330,"column":15},"end":{"line":330,"column":44}},"109":{"start":{"line":331,"column":2},"end":{"line":331,"column":39}},"110":{"start":{"line":332,"column":2},"end":{"line":332,"column":37}},"111":{"start":{"line":333,"column":2},"end":{"line":333,"column":16}},"112":{"start":{"line":343,"column":0},"end":{"line":348,"column":2}},"113":{"start":{"line":344,"column":15},"end":{"line":344,"column":44}},"114":{"start":{"line":345,"column":2},"end":{"line":345,"column":39}},"115":{"start":{"line":346,"column":2},"end":{"line":346,"column":37}},"116":{"start":{"line":347,"column":2},"end":{"line":347,"column":16}},"117":{"start":{"line":358,"column":0},"end":{"line":362,"column":2}},"118":{"start":{"line":359,"column":2},"end":{"line":359,"column":48}},"119":{"start":{"line":360,"column":2},"end":{"line":360,"column":48}},"120":{"start":{"line":361,"column":2},"end":{"line":361,"column":14}},"121":{"start":{"line":372,"column":0},"end":{"line":376,"column":2}},"122":{"start":{"line":373,"column":2},"end":{"line":373,"column":76}},"123":{"start":{"line":374,"column":2},"end":{"line":374,"column":105}},"124":{"start":{"line":375,"column":2},"end":{"line":375,"column":14}},"125":{"start":{"line":386,"column":0},"end":{"line":392,"column":2}},"126":{"start":{"line":387,"column":15},"end":{"line":387,"column":44}},"127":{"start":{"line":388,"column":2},"end":{"line":388,"column":39}},"128":{"start":{"line":389,"column":2},"end":{"line":389,"column":97}},"129":{"start":{"line":390,"column":2},"end":{"line":390,"column":126}},"130":{"start":{"line":391,"column":2},"end":{"line":391,"column":16}},"131":{"start":{"line":402,"column":0},"end":{"line":406,"column":2}},"132":{"start":{"line":403,"column":2},"end":{"line":403,"column":48}},"133":{"start":{"line":404,"column":2},"end":{"line":404,"column":48}},"134":{"start":{"line":405,"column":2},"end":{"line":405,"column":14}},"135":{"start":{"line":416,"column":0},"end":{"line":420,"column":2}},"136":{"start":{"line":417,"column":2},"end":{"line":417,"column":28}},"137":{"start":{"line":418,"column":2},"end":{"line":418,"column":28}},"138":{"start":{"line":419,"column":2},"end":{"line":419,"column":14}},"139":{"start":{"line":430,"column":0},"end":{"line":434,"column":2}},"140":{"start":{"line":431,"column":2},"end":{"line":431,"column":28}},"141":{"start":{"line":432,"column":2},"end":{"line":432,"column":28}},"142":{"start":{"line":433,"column":2},"end":{"line":433,"column":14}},"143":{"start":{"line":442,"column":0},"end":{"line":444,"column":2}},"144":{"start":{"line":443,"column":2},"end":{"line":443,"column":79}},"145":{"start":{"line":452,"column":0},"end":{"line":454,"column":2}},"146":{"start":{"line":453,"column":2},"end":{"line":453,"column":35}},"147":{"start":{"line":462,"column":0},"end":{"line":467,"column":2}},"148":{"start":{"line":463,"column":10},"end":{"line":463,"column":23}},"149":{"start":{"line":464,"column":2},"end":{"line":464,"column":23}},"150":{"start":{"line":465,"column":2},"end":{"line":465,"column":23}},"151":{"start":{"line":466,"column":2},"end":{"line":466,"column":14}},"152":{"start":{"line":475,"column":0},"end":{"line":482,"column":2}},"153":{"start":{"line":476,"column":15},"end":{"line":476,"column":44}},"154":{"start":{"line":477,"column":2},"end":{"line":477,"column":39}},"155":{"start":{"line":478,"column":10},"end":{"line":478,"column":23}},"156":{"start":{"line":479,"column":2},"end":{"line":479,"column":42}},"157":{"start":{"line":480,"column":2},"end":{"line":480,"column":42}},"158":{"start":{"line":481,"column":2},"end":{"line":481,"column":16}},"159":{"start":{"line":491,"column":0},"end":{"line":496,"column":2}},"160":{"start":{"line":492,"column":10},"end":{"line":492,"column":20}},"161":{"start":{"line":493,"column":2},"end":{"line":493,"column":37}},"162":{"start":{"line":494,"column":2},"end":{"line":494,"column":37}},"163":{"start":{"line":495,"column":2},"end":{"line":495,"column":14}},"164":{"start":{"line":506,"column":0},"end":{"line":509,"column":2}},"165":{"start":{"line":507,"column":2},"end":{"line":508,"column":67}},"166":{"start":{"line":518,"column":0},"end":{"line":534,"column":2}},"167":{"start":{"line":519,"column":10},"end":{"line":519,"column":25}},"168":{"start":{"line":520,"column":10},"end":{"line":520,"column":25}},"169":{"start":{"line":522,"column":4},"end":{"line":524,"column":21}},"170":{"start":{"line":525,"column":2},"end":{"line":528,"column":27}},"171":{"start":{"line":529,"column":2},"end":{"line":532,"column":27}},"172":{"start":{"line":533,"column":2},"end":{"line":533,"column":14}},"173":{"start":{"line":544,"column":0},"end":{"line":560,"column":2}},"174":{"start":{"line":545,"column":10},"end":{"line":545,"column":22}},"175":{"start":{"line":546,"column":10},"end":{"line":546,"column":22}},"176":{"start":{"line":548,"column":4},"end":{"line":550,"column":21}},"177":{"start":{"line":551,"column":2},"end":{"line":554,"column":27}},"178":{"start":{"line":555,"column":2},"end":{"line":558,"column":27}},"179":{"start":{"line":559,"column":2},"end":{"line":559,"column":14}},"180":{"start":{"line":569,"column":0},"end":{"line":579,"column":2}},"181":{"start":{"line":570,"column":10},"end":{"line":570,"column":25}},"182":{"start":{"line":571,"column":10},"end":{"line":571,"column":25}},"183":{"start":{"line":572,"column":2},"end":{"line":574,"column":23}},"184":{"start":{"line":575,"column":2},"end":{"line":577,"column":23}},"185":{"start":{"line":578,"column":2},"end":{"line":578,"column":14}},"186":{"start":{"line":589,"column":0},"end":{"line":599,"column":2}},"187":{"start":{"line":590,"column":10},"end":{"line":590,"column":22}},"188":{"start":{"line":591,"column":10},"end":{"line":591,"column":22}},"189":{"start":{"line":592,"column":2},"end":{"line":594,"column":23}},"190":{"start":{"line":595,"column":2},"end":{"line":597,"column":23}},"191":{"start":{"line":598,"column":2},"end":{"line":598,"column":14}},"192":{"start":{"line":608,"column":0},"end":{"line":610,"column":2}},"193":{"start":{"line":609,"column":2},"end":{"line":609,"column":47}}},"fnMap":{"0":{"name":"(anonymous_0)","decl":{"start":{"line":30,"column":11},"end":{"line":30,"column":12}},"loc":{"start":{"line":30,"column":26},"end":{"line":40,"column":1}},"line":30},"1":{"name":"(anonymous_1)","decl":{"start":{"line":51,"column":23},"end":{"line":51,"column":24}},"loc":{"start":{"line":51,"column":34},"end":{"line":55,"column":1}},"line":51},"2":{"name":"(anonymous_2)","decl":{"start":{"line":63,"column":7},"end":{"line":63,"column":8}},"loc":{"start":{"line":63,"column":18},"end":{"line":63,"column":45}},"line":63},"3":{"name":"(anonymous_3)","decl":{"start":{"line":64,"column":7},"end":{"line":64,"column":8}},"loc":{"start":{"line":64,"column":23},"end":{"line":64,"column":51}},"line":64},"4":{"name":"(anonymous_4)","decl":{"start":{"line":73,"column":7},"end":{"line":73,"column":8}},"loc":{"start":{"line":73,"column":18},"end":{"line":73,"column":45}},"line":73},"5":{"name":"(anonymous_5)","decl":{"start":{"line":74,"column":7},"end":{"line":74,"column":8}},"loc":{"start":{"line":74,"column":23},"end":{"line":74,"column":51}},"line":74},"6":{"name":"(anonymous_6)","decl":{"start":{"line":85,"column":21},"end":{"line":85,"column":22}},"loc":{"start":{"line":85,"column":36},"end":{"line":89,"column":1}},"line":85},"7":{"name":"(anonymous_7)","decl":{"start":{"line":100,"column":14},"end":{"line":100,"column":15}},"loc":{"start":{"line":100,"column":39},"end":{"line":110,"column":1}},"line":100},"8":{"name":"(anonymous_8)","decl":{"start":{"line":120,"column":27},"end":{"line":120,"column":28}},"loc":{"start":{"line":120,"column":52},"end":{"line":128,"column":1}},"line":120},"9":{"name":"(anonymous_9)","decl":{"start":{"line":138,"column":23},"end":{"line":138,"column":24}},"loc":{"start":{"line":138,"column":48},"end":{"line":156,"column":1}},"line":138},"10":{"name":"(anonymous_10)","decl":{"start":{"line":167,"column":28},"end":{"line":167,"column":29}},"loc":{"start":{"line":167,"column":56},"end":{"line":187,"column":1}},"line":167},"11":{"name":"(anonymous_11)","decl":{"start":{"line":197,"column":21},"end":{"line":197,"column":22}},"loc":{"start":{"line":197,"column":36},"end":{"line":201,"column":1}},"line":197},"12":{"name":"(anonymous_12)","decl":{"start":{"line":212,"column":27},"end":{"line":212,"column":28}},"loc":{"start":{"line":212,"column":46},"end":{"line":216,"column":1}},"line":212},"13":{"name":"(anonymous_13)","decl":{"start":{"line":226,"column":22},"end":{"line":226,"column":23}},"loc":{"start":{"line":226,"column":37},"end":{"line":232,"column":1}},"line":226},"14":{"name":"(anonymous_14)","decl":{"start":{"line":242,"column":24},"end":{"line":242,"column":25}},"loc":{"start":{"line":242,"column":39},"end":{"line":246,"column":1}},"line":242},"15":{"name":"(anonymous_15)","decl":{"start":{"line":256,"column":21},"end":{"line":256,"column":22}},"loc":{"start":{"line":256,"column":36},"end":{"line":260,"column":1}},"line":256},"16":{"name":"(anonymous_16)","decl":{"start":{"line":270,"column":23},"end":{"line":270,"column":24}},"loc":{"start":{"line":270,"column":38},"end":{"line":276,"column":1}},"line":270},"17":{"name":"(anonymous_17)","decl":{"start":{"line":286,"column":31},"end":{"line":286,"column":32}},"loc":{"start":{"line":286,"column":46},"end":{"line":290,"column":1}},"line":286},"18":{"name":"(anonymous_18)","decl":{"start":{"line":300,"column":21},"end":{"line":300,"column":22}},"loc":{"start":{"line":300,"column":36},"end":{"line":304,"column":1}},"line":300},"19":{"name":"(anonymous_19)","decl":{"start":{"line":314,"column":23},"end":{"line":314,"column":24}},"loc":{"start":{"line":314,"column":38},"end":{"line":320,"column":1}},"line":314},"20":{"name":"(anonymous_20)","decl":{"start":{"line":329,"column":27},"end":{"line":329,"column":28}},"loc":{"start":{"line":329,"column":39},"end":{"line":334,"column":1}},"line":329},"21":{"name":"(anonymous_21)","decl":{"start":{"line":343,"column":27},"end":{"line":343,"column":28}},"loc":{"start":{"line":343,"column":39},"end":{"line":348,"column":1}},"line":343},"22":{"name":"(anonymous_22)","decl":{"start":{"line":358,"column":28},"end":{"line":358,"column":29}},"loc":{"start":{"line":358,"column":43},"end":{"line":362,"column":1}},"line":358},"23":{"name":"(anonymous_23)","decl":{"start":{"line":372,"column":21},"end":{"line":372,"column":22}},"loc":{"start":{"line":372,"column":36},"end":{"line":376,"column":1}},"line":372},"24":{"name":"(anonymous_24)","decl":{"start":{"line":386,"column":22},"end":{"line":386,"column":23}},"loc":{"start":{"line":386,"column":37},"end":{"line":392,"column":1}},"line":386},"25":{"name":"(anonymous_25)","decl":{"start":{"line":402,"column":29},"end":{"line":402,"column":30}},"loc":{"start":{"line":402,"column":44},"end":{"line":406,"column":1}},"line":402},"26":{"name":"(anonymous_26)","decl":{"start":{"line":416,"column":27},"end":{"line":416,"column":28}},"loc":{"start":{"line":416,"column":42},"end":{"line":420,"column":1}},"line":416},"27":{"name":"(anonymous_27)","decl":{"start":{"line":430,"column":36},"end":{"line":430,"column":37}},"loc":{"start":{"line":430,"column":51},"end":{"line":434,"column":1}},"line":430},"28":{"name":"(anonymous_28)","decl":{"start":{"line":442,"column":25},"end":{"line":442,"column":26}},"loc":{"start":{"line":442,"column":36},"end":{"line":444,"column":1}},"line":442},"29":{"name":"(anonymous_29)","decl":{"start":{"line":452,"column":24},"end":{"line":452,"column":25}},"loc":{"start":{"line":452,"column":35},"end":{"line":454,"column":1}},"line":452},"30":{"name":"(anonymous_30)","decl":{"start":{"line":462,"column":27},"end":{"line":462,"column":28}},"loc":{"start":{"line":462,"column":38},"end":{"line":467,"column":1}},"line":462},"31":{"name":"(anonymous_31)","decl":{"start":{"line":475,"column":27},"end":{"line":475,"column":28}},"loc":{"start":{"line":475,"column":38},"end":{"line":482,"column":1}},"line":475},"32":{"name":"(anonymous_32)","decl":{"start":{"line":491,"column":31},"end":{"line":491,"column":32}},"loc":{"start":{"line":491,"column":43},"end":{"line":496,"column":1}},"line":491},"33":{"name":"(anonymous_33)","decl":{"start":{"line":506,"column":21},"end":{"line":506,"column":22}},"loc":{"start":{"line":506,"column":36},"end":{"line":509,"column":1}},"line":506},"34":{"name":"(anonymous_34)","decl":{"start":{"line":518,"column":25},"end":{"line":518,"column":26}},"loc":{"start":{"line":518,"column":37},"end":{"line":534,"column":1}},"line":518},"35":{"name":"(anonymous_35)","decl":{"start":{"line":544,"column":36},"end":{"line":544,"column":37}},"loc":{"start":{"line":544,"column":51},"end":{"line":560,"column":1}},"line":544},"36":{"name":"(anonymous_36)","decl":{"start":{"line":569,"column":25},"end":{"line":569,"column":26}},"loc":{"start":{"line":569,"column":37},"end":{"line":579,"column":1}},"line":569},"37":{"name":"(anonymous_37)","decl":{"start":{"line":589,"column":36},"end":{"line":589,"column":37}},"loc":{"start":{"line":589,"column":51},"end":{"line":599,"column":1}},"line":589},"38":{"name":"(anonymous_38)","decl":{"start":{"line":608,"column":24},"end":{"line":608,"column":25}},"loc":{"start":{"line":608,"column":54},"end":{"line":610,"column":1}},"line":608}},"branchMap":{"0":{"loc":{"start":{"line":37,"column":4},"end":{"line":37,"column":40}},"type":"binary-expr","locations":[{"start":{"line":37,"column":4},"end":{"line":37,"column":5}},{"start":{"line":37,"column":9},"end":{"line":37,"column":12}},{"start":{"line":37,"column":16},"end":{"line":37,"column":35}},{"start":{"line":37,"column":39},"end":{"line":37,"column":40}}],"line":37},"1":{"loc":{"start":{"line":38,"column":4},"end":{"line":38,"column":40}},"type":"binary-expr","locations":[{"start":{"line":38,"column":4},"end":{"line":38,"column":5}},{"start":{"line":38,"column":9},"end":{"line":38,"column":12}},{"start":{"line":38,"column":16},"end":{"line":38,"column":35}},{"start":{"line":38,"column":39},"end":{"line":38,"column":40}}],"line":38},"2":{"loc":{"start":{"line":86,"column":20},"end":{"line":86,"column":56}},"type":"binary-expr","locations":[{"start":{"line":86,"column":20},"end":{"line":86,"column":21}},{"start":{"line":86,"column":25},"end":{"line":86,"column":28}},{"start":{"line":86,"column":32},"end":{"line":86,"column":51}},{"start":{"line":86,"column":55},"end":{"line":86,"column":56}}],"line":86},"3":{"loc":{"start":{"line":87,"column":20},"end":{"line":87,"column":56}},"type":"binary-expr","locations":[{"start":{"line":87,"column":20},"end":{"line":87,"column":21}},{"start":{"line":87,"column":25},"end":{"line":87,"column":28}},{"start":{"line":87,"column":32},"end":{"line":87,"column":51}},{"start":{"line":87,"column":55},"end":{"line":87,"column":56}}],"line":87},"4":{"loc":{"start":{"line":103,"column":13},"end":{"line":103,"column":64}},"type":"binary-expr","locations":[{"start":{"line":103,"column":13},"end":{"line":103,"column":19}},{"start":{"line":103,"column":23},"end":{"line":103,"column":31}},{"start":{"line":103,"column":35},"end":{"line":103,"column":59}},{"start":{"line":103,"column":63},"end":{"line":103,"column":64}}],"line":103},"5":{"loc":{"start":{"line":104,"column":13},"end":{"line":104,"column":82}},"type":"binary-expr","locations":[{"start":{"line":104,"column":13},"end":{"line":104,"column":19}},{"start":{"line":104,"column":23},"end":{"line":104,"column":82}}],"line":104},"6":{"loc":{"start":{"line":104,"column":24},"end":{"line":104,"column":77}},"type":"binary-expr","locations":[{"start":{"line":104,"column":25},"end":{"line":104,"column":37}},{"start":{"line":104,"column":43},"end":{"line":104,"column":71}},{"start":{"line":104,"column":76},"end":{"line":104,"column":77}}],"line":104},"7":{"loc":{"start":{"line":106,"column":9},"end":{"line":106,"column":60}},"type":"binary-expr","locations":[{"start":{"line":106,"column":9},"end":{"line":106,"column":15}},{"start":{"line":106,"column":19},"end":{"line":106,"column":27}},{"start":{"line":106,"column":31},"end":{"line":106,"column":55}},{"start":{"line":106,"column":59},"end":{"line":106,"column":60}}],"line":106},"8":{"loc":{"start":{"line":107,"column":9},"end":{"line":107,"column":78}},"type":"binary-expr","locations":[{"start":{"line":107,"column":9},"end":{"line":107,"column":15}},{"start":{"line":107,"column":19},"end":{"line":107,"column":78}}],"line":107},"9":{"loc":{"start":{"line":107,"column":20},"end":{"line":107,"column":73}},"type":"binary-expr","locations":[{"start":{"line":107,"column":21},"end":{"line":107,"column":33}},{"start":{"line":107,"column":39},"end":{"line":107,"column":67}},{"start":{"line":107,"column":72},"end":{"line":107,"column":73}}],"line":107},"10":{"loc":{"start":{"line":121,"column":13},"end":{"line":121,"column":64}},"type":"binary-expr","locations":[{"start":{"line":121,"column":13},"end":{"line":121,"column":19}},{"start":{"line":121,"column":23},"end":{"line":121,"column":31}},{"start":{"line":121,"column":35},"end":{"line":121,"column":59}},{"start":{"line":121,"column":63},"end":{"line":121,"column":64}}],"line":121},"11":{"loc":{"start":{"line":122,"column":13},"end":{"line":122,"column":82}},"type":"binary-expr","locations":[{"start":{"line":122,"column":13},"end":{"line":122,"column":19}},{"start":{"line":122,"column":23},"end":{"line":122,"column":82}}],"line":122},"12":{"loc":{"start":{"line":122,"column":24},"end":{"line":122,"column":77}},"type":"binary-expr","locations":[{"start":{"line":122,"column":25},"end":{"line":122,"column":37}},{"start":{"line":122,"column":43},"end":{"line":122,"column":71}},{"start":{"line":122,"column":76},"end":{"line":122,"column":77}}],"line":122},"13":{"loc":{"start":{"line":124,"column":9},"end":{"line":124,"column":60}},"type":"binary-expr","locations":[{"start":{"line":124,"column":9},"end":{"line":124,"column":15}},{"start":{"line":124,"column":19},"end":{"line":124,"column":27}},{"start":{"line":124,"column":31},"end":{"line":124,"column":55}},{"start":{"line":124,"column":59},"end":{"line":124,"column":60}}],"line":124},"14":{"loc":{"start":{"line":125,"column":9},"end":{"line":125,"column":78}},"type":"binary-expr","locations":[{"start":{"line":125,"column":9},"end":{"line":125,"column":15}},{"start":{"line":125,"column":19},"end":{"line":125,"column":78}}],"line":125},"15":{"loc":{"start":{"line":125,"column":20},"end":{"line":125,"column":73}},"type":"binary-expr","locations":[{"start":{"line":125,"column":21},"end":{"line":125,"column":33}},{"start":{"line":125,"column":39},"end":{"line":125,"column":67}},{"start":{"line":125,"column":72},"end":{"line":125,"column":73}}],"line":125},"16":{"loc":{"start":{"line":139,"column":13},"end":{"line":139,"column":64}},"type":"binary-expr","locations":[{"start":{"line":139,"column":13},"end":{"line":139,"column":19}},{"start":{"line":139,"column":23},"end":{"line":139,"column":31}},{"start":{"line":139,"column":35},"end":{"line":139,"column":59}},{"start":{"line":139,"column":63},"end":{"line":139,"column":64}}],"line":139},"17":{"loc":{"start":{"line":140,"column":2},"end":{"line":142,"column":3}},"type":"if","locations":[{"start":{"line":140,"column":2},"end":{"line":142,"column":3}},{"start":{"line":140,"column":2},"end":{"line":142,"column":3}}],"line":140},"18":{"loc":{"start":{"line":143,"column":9},"end":{"line":143,"column":60}},"type":"binary-expr","locations":[{"start":{"line":143,"column":9},"end":{"line":143,"column":15}},{"start":{"line":143,"column":19},"end":{"line":143,"column":27}},{"start":{"line":143,"column":31},"end":{"line":143,"column":55}},{"start":{"line":143,"column":59},"end":{"line":143,"column":60}}],"line":143},"19":{"loc":{"start":{"line":144,"column":2},"end":{"line":146,"column":3}},"type":"if","locations":[{"start":{"line":144,"column":2},"end":{"line":146,"column":3}},{"start":{"line":144,"column":2},"end":{"line":146,"column":3}}],"line":144},"20":{"loc":{"start":{"line":147,"column":13},"end":{"line":147,"column":82}},"type":"binary-expr","locations":[{"start":{"line":147,"column":13},"end":{"line":147,"column":19}},{"start":{"line":147,"column":23},"end":{"line":147,"column":82}}],"line":147},"21":{"loc":{"start":{"line":147,"column":24},"end":{"line":147,"column":77}},"type":"binary-expr","locations":[{"start":{"line":147,"column":25},"end":{"line":147,"column":37}},{"start":{"line":147,"column":43},"end":{"line":147,"column":71}},{"start":{"line":147,"column":76},"end":{"line":147,"column":77}}],"line":147},"22":{"loc":{"start":{"line":148,"column":2},"end":{"line":150,"column":3}},"type":"if","locations":[{"start":{"line":148,"column":2},"end":{"line":150,"column":3}},{"start":{"line":148,"column":2},"end":{"line":150,"column":3}}],"line":148},"23":{"loc":{"start":{"line":151,"column":9},"end":{"line":151,"column":78}},"type":"binary-expr","locations":[{"start":{"line":151,"column":9},"end":{"line":151,"column":15}},{"start":{"line":151,"column":19},"end":{"line":151,"column":78}}],"line":151},"24":{"loc":{"start":{"line":151,"column":20},"end":{"line":151,"column":73}},"type":"binary-expr","locations":[{"start":{"line":151,"column":21},"end":{"line":151,"column":33}},{"start":{"line":151,"column":39},"end":{"line":151,"column":67}},{"start":{"line":151,"column":72},"end":{"line":151,"column":73}}],"line":151},"25":{"loc":{"start":{"line":152,"column":2},"end":{"line":154,"column":3}},"type":"if","locations":[{"start":{"line":152,"column":2},"end":{"line":154,"column":3}},{"start":{"line":152,"column":2},"end":{"line":154,"column":3}}],"line":152},"26":{"loc":{"start":{"line":168,"column":13},"end":{"line":168,"column":64}},"type":"binary-expr","locations":[{"start":{"line":168,"column":13},"end":{"line":168,"column":19}},{"start":{"line":168,"column":23},"end":{"line":168,"column":31}},{"start":{"line":168,"column":35},"end":{"line":168,"column":59}},{"start":{"line":168,"column":63},"end":{"line":168,"column":64}}],"line":168},"27":{"loc":{"start":{"line":169,"column":13},"end":{"line":169,"column":82}},"type":"binary-expr","locations":[{"start":{"line":169,"column":13},"end":{"line":169,"column":19}},{"start":{"line":169,"column":23},"end":{"line":169,"column":82}}],"line":169},"28":{"loc":{"start":{"line":169,"column":24},"end":{"line":169,"column":77}},"type":"binary-expr","locations":[{"start":{"line":169,"column":25},"end":{"line":169,"column":37}},{"start":{"line":169,"column":43},"end":{"line":169,"column":71}},{"start":{"line":169,"column":76},"end":{"line":169,"column":77}}],"line":169},"29":{"loc":{"start":{"line":170,"column":2},"end":{"line":176,"column":3}},"type":"if","locations":[{"start":{"line":170,"column":2},"end":{"line":176,"column":3}},{"start":{"line":170,"column":2},"end":{"line":176,"column":3}}],"line":170},"30":{"loc":{"start":{"line":172,"column":9},"end":{"line":176,"column":3}},"type":"if","locations":[{"start":{"line":172,"column":9},"end":{"line":176,"column":3}},{"start":{"line":172,"column":9},"end":{"line":176,"column":3}}],"line":172},"31":{"loc":{"start":{"line":177,"column":9},"end":{"line":177,"column":60}},"type":"binary-expr","locations":[{"start":{"line":177,"column":9},"end":{"line":177,"column":15}},{"start":{"line":177,"column":19},"end":{"line":177,"column":27}},{"start":{"line":177,"column":31},"end":{"line":177,"column":55}},{"start":{"line":177,"column":59},"end":{"line":177,"column":60}}],"line":177},"32":{"loc":{"start":{"line":178,"column":9},"end":{"line":178,"column":78}},"type":"binary-expr","locations":[{"start":{"line":178,"column":9},"end":{"line":178,"column":15}},{"start":{"line":178,"column":19},"end":{"line":178,"column":78}}],"line":178},"33":{"loc":{"start":{"line":178,"column":20},"end":{"line":178,"column":73}},"type":"binary-expr","locations":[{"start":{"line":178,"column":21},"end":{"line":178,"column":33}},{"start":{"line":178,"column":39},"end":{"line":178,"column":67}},{"start":{"line":178,"column":72},"end":{"line":178,"column":73}}],"line":178},"34":{"loc":{"start":{"line":179,"column":2},"end":{"line":185,"column":3}},"type":"if","locations":[{"start":{"line":179,"column":2},"end":{"line":185,"column":3}},{"start":{"line":179,"column":2},"end":{"line":185,"column":3}}],"line":179},"35":{"loc":{"start":{"line":181,"column":9},"end":{"line":185,"column":3}},"type":"if","locations":[{"start":{"line":181,"column":9},"end":{"line":185,"column":3}},{"start":{"line":181,"column":9},"end":{"line":185,"column":3}}],"line":181},"36":{"loc":{"start":{"line":198,"column":21},"end":{"line":198,"column":57}},"type":"binary-expr","locations":[{"start":{"line":198,"column":21},"end":{"line":198,"column":22}},{"start":{"line":198,"column":26},"end":{"line":198,"column":29}},{"start":{"line":198,"column":33},"end":{"line":198,"column":52}},{"start":{"line":198,"column":56},"end":{"line":198,"column":57}}],"line":198},"37":{"loc":{"start":{"line":199,"column":21},"end":{"line":199,"column":57}},"type":"binary-expr","locations":[{"start":{"line":199,"column":21},"end":{"line":199,"column":22}},{"start":{"line":199,"column":26},"end":{"line":199,"column":29}},{"start":{"line":199,"column":33},"end":{"line":199,"column":52}},{"start":{"line":199,"column":56},"end":{"line":199,"column":57}}],"line":199},"38":{"loc":{"start":{"line":213,"column":27},"end":{"line":213,"column":63}},"type":"binary-expr","locations":[{"start":{"line":213,"column":27},"end":{"line":213,"column":28}},{"start":{"line":213,"column":32},"end":{"line":213,"column":35}},{"start":{"line":213,"column":39},"end":{"line":213,"column":58}},{"start":{"line":213,"column":62},"end":{"line":213,"column":63}}],"line":213},"39":{"loc":{"start":{"line":214,"column":27},"end":{"line":214,"column":63}},"type":"binary-expr","locations":[{"start":{"line":214,"column":27},"end":{"line":214,"column":28}},{"start":{"line":214,"column":32},"end":{"line":214,"column":35}},{"start":{"line":214,"column":39},"end":{"line":214,"column":58}},{"start":{"line":214,"column":62},"end":{"line":214,"column":63}}],"line":214},"40":{"loc":{"start":{"line":229,"column":41},"end":{"line":229,"column":77}},"type":"binary-expr","locations":[{"start":{"line":229,"column":41},"end":{"line":229,"column":42}},{"start":{"line":229,"column":46},"end":{"line":229,"column":49}},{"start":{"line":229,"column":53},"end":{"line":229,"column":72}},{"start":{"line":229,"column":76},"end":{"line":229,"column":77}}],"line":229},"41":{"loc":{"start":{"line":230,"column":41},"end":{"line":230,"column":77}},"type":"binary-expr","locations":[{"start":{"line":230,"column":41},"end":{"line":230,"column":42}},{"start":{"line":230,"column":46},"end":{"line":230,"column":49}},{"start":{"line":230,"column":53},"end":{"line":230,"column":72}},{"start":{"line":230,"column":76},"end":{"line":230,"column":77}}],"line":230},"42":{"loc":{"start":{"line":257,"column":21},"end":{"line":257,"column":57}},"type":"binary-expr","locations":[{"start":{"line":257,"column":21},"end":{"line":257,"column":22}},{"start":{"line":257,"column":26},"end":{"line":257,"column":29}},{"start":{"line":257,"column":33},"end":{"line":257,"column":52}},{"start":{"line":257,"column":56},"end":{"line":257,"column":57}}],"line":257},"43":{"loc":{"start":{"line":258,"column":21},"end":{"line":258,"column":57}},"type":"binary-expr","locations":[{"start":{"line":258,"column":21},"end":{"line":258,"column":22}},{"start":{"line":258,"column":26},"end":{"line":258,"column":29}},{"start":{"line":258,"column":33},"end":{"line":258,"column":52}},{"start":{"line":258,"column":56},"end":{"line":258,"column":57}}],"line":258},"44":{"loc":{"start":{"line":273,"column":41},"end":{"line":273,"column":77}},"type":"binary-expr","locations":[{"start":{"line":273,"column":41},"end":{"line":273,"column":42}},{"start":{"line":273,"column":46},"end":{"line":273,"column":49}},{"start":{"line":273,"column":53},"end":{"line":273,"column":72}},{"start":{"line":273,"column":76},"end":{"line":273,"column":77}}],"line":273},"45":{"loc":{"start":{"line":274,"column":41},"end":{"line":274,"column":77}},"type":"binary-expr","locations":[{"start":{"line":274,"column":41},"end":{"line":274,"column":42}},{"start":{"line":274,"column":46},"end":{"line":274,"column":49}},{"start":{"line":274,"column":53},"end":{"line":274,"column":72}},{"start":{"line":274,"column":76},"end":{"line":274,"column":77}}],"line":274},"46":{"loc":{"start":{"line":301,"column":21},"end":{"line":301,"column":75}},"type":"binary-expr","locations":[{"start":{"line":301,"column":21},"end":{"line":301,"column":22}},{"start":{"line":301,"column":26},"end":{"line":301,"column":75}}],"line":301},"47":{"loc":{"start":{"line":301,"column":27},"end":{"line":301,"column":70}},"type":"binary-expr","locations":[{"start":{"line":301,"column":28},"end":{"line":301,"column":35}},{"start":{"line":301,"column":41},"end":{"line":301,"column":64}},{"start":{"line":301,"column":69},"end":{"line":301,"column":70}}],"line":301},"48":{"loc":{"start":{"line":302,"column":21},"end":{"line":302,"column":104}},"type":"binary-expr","locations":[{"start":{"line":302,"column":21},"end":{"line":302,"column":22}},{"start":{"line":302,"column":26},"end":{"line":302,"column":104}}],"line":302},"49":{"loc":{"start":{"line":302,"column":27},"end":{"line":302,"column":99}},"type":"binary-expr","locations":[{"start":{"line":302,"column":28},"end":{"line":302,"column":35}},{"start":{"line":302,"column":41},"end":{"line":302,"column":64}},{"start":{"line":302,"column":70},"end":{"line":302,"column":93}},{"start":{"line":302,"column":98},"end":{"line":302,"column":99}}],"line":302},"50":{"loc":{"start":{"line":317,"column":41},"end":{"line":317,"column":95}},"type":"binary-expr","locations":[{"start":{"line":317,"column":41},"end":{"line":317,"column":42}},{"start":{"line":317,"column":46},"end":{"line":317,"column":95}}],"line":317},"51":{"loc":{"start":{"line":317,"column":47},"end":{"line":317,"column":90}},"type":"binary-expr","locations":[{"start":{"line":317,"column":48},"end":{"line":317,"column":55}},{"start":{"line":317,"column":61},"end":{"line":317,"column":84}},{"start":{"line":317,"column":89},"end":{"line":317,"column":90}}],"line":317},"52":{"loc":{"start":{"line":318,"column":41},"end":{"line":318,"column":124}},"type":"binary-expr","locations":[{"start":{"line":318,"column":41},"end":{"line":318,"column":42}},{"start":{"line":318,"column":46},"end":{"line":318,"column":124}}],"line":318},"53":{"loc":{"start":{"line":318,"column":47},"end":{"line":318,"column":119}},"type":"binary-expr","locations":[{"start":{"line":318,"column":48},"end":{"line":318,"column":55}},{"start":{"line":318,"column":61},"end":{"line":318,"column":84}},{"start":{"line":318,"column":90},"end":{"line":318,"column":113}},{"start":{"line":318,"column":118},"end":{"line":318,"column":119}}],"line":318},"54":{"loc":{"start":{"line":373,"column":21},"end":{"line":373,"column":75}},"type":"binary-expr","locations":[{"start":{"line":373,"column":21},"end":{"line":373,"column":22}},{"start":{"line":373,"column":26},"end":{"line":373,"column":75}}],"line":373},"55":{"loc":{"start":{"line":373,"column":27},"end":{"line":373,"column":70}},"type":"binary-expr","locations":[{"start":{"line":373,"column":28},"end":{"line":373,"column":35}},{"start":{"line":373,"column":41},"end":{"line":373,"column":64}},{"start":{"line":373,"column":69},"end":{"line":373,"column":70}}],"line":373},"56":{"loc":{"start":{"line":374,"column":21},"end":{"line":374,"column":104}},"type":"binary-expr","locations":[{"start":{"line":374,"column":21},"end":{"line":374,"column":22}},{"start":{"line":374,"column":26},"end":{"line":374,"column":104}}],"line":374},"57":{"loc":{"start":{"line":374,"column":27},"end":{"line":374,"column":99}},"type":"binary-expr","locations":[{"start":{"line":374,"column":28},"end":{"line":374,"column":35}},{"start":{"line":374,"column":41},"end":{"line":374,"column":64}},{"start":{"line":374,"column":70},"end":{"line":374,"column":93}},{"start":{"line":374,"column":98},"end":{"line":374,"column":99}}],"line":374},"58":{"loc":{"start":{"line":389,"column":41},"end":{"line":389,"column":95}},"type":"binary-expr","locations":[{"start":{"line":389,"column":41},"end":{"line":389,"column":42}},{"start":{"line":389,"column":46},"end":{"line":389,"column":95}}],"line":389},"59":{"loc":{"start":{"line":389,"column":47},"end":{"line":389,"column":90}},"type":"binary-expr","locations":[{"start":{"line":389,"column":48},"end":{"line":389,"column":55}},{"start":{"line":389,"column":61},"end":{"line":389,"column":84}},{"start":{"line":389,"column":89},"end":{"line":389,"column":90}}],"line":389},"60":{"loc":{"start":{"line":390,"column":41},"end":{"line":390,"column":124}},"type":"binary-expr","locations":[{"start":{"line":390,"column":41},"end":{"line":390,"column":42}},{"start":{"line":390,"column":46},"end":{"line":390,"column":124}}],"line":390},"61":{"loc":{"start":{"line":390,"column":47},"end":{"line":390,"column":119}},"type":"binary-expr","locations":[{"start":{"line":390,"column":48},"end":{"line":390,"column":55}},{"start":{"line":390,"column":61},"end":{"line":390,"column":84}},{"start":{"line":390,"column":90},"end":{"line":390,"column":113}},{"start":{"line":390,"column":118},"end":{"line":390,"column":119}}],"line":390},"62":{"loc":{"start":{"line":507,"column":28},"end":{"line":507,"column":64}},"type":"binary-expr","locations":[{"start":{"line":507,"column":28},"end":{"line":507,"column":29}},{"start":{"line":507,"column":33},"end":{"line":507,"column":36}},{"start":{"line":507,"column":40},"end":{"line":507,"column":59}},{"start":{"line":507,"column":63},"end":{"line":507,"column":64}}],"line":507},"63":{"loc":{"start":{"line":508,"column":28},"end":{"line":508,"column":64}},"type":"binary-expr","locations":[{"start":{"line":508,"column":28},"end":{"line":508,"column":29}},{"start":{"line":508,"column":33},"end":{"line":508,"column":36}},{"start":{"line":508,"column":40},"end":{"line":508,"column":59}},{"start":{"line":508,"column":63},"end":{"line":508,"column":64}}],"line":508}},"s":{"0":1,"1":2,"2":1,"3":1,"4":1,"5":1,"6":1,"7":1,"8":335,"9":0,"10":1,"11":335,"12":0,"13":1,"14":20,"15":20,"16":20,"17":1,"18":50,"19":50,"20":50,"21":50,"22":50,"23":50,"24":50,"25":50,"26":50,"27":1,"28":50,"29":50,"30":50,"31":50,"32":50,"33":50,"34":50,"35":1,"36":50,"37":50,"38":1,"39":50,"40":50,"41":0,"42":50,"43":50,"44":49,"45":50,"46":50,"47":50,"48":50,"49":1,"50":50,"51":50,"52":50,"53":20,"54":30,"55":24,"56":6,"57":50,"58":50,"59":50,"60":27,"61":23,"62":19,"63":4,"64":50,"65":1,"66":1,"67":1,"68":1,"69":1,"70":0,"71":0,"72":0,"73":1,"74":1,"75":1,"76":1,"77":1,"78":1,"79":1,"80":1,"81":1,"82":1,"83":1,"84":1,"85":1,"86":1,"87":1,"88":1,"89":1,"90":1,"91":1,"92":1,"93":1,"94":1,"95":1,"96":1,"97":1,"98":2,"99":2,"100":2,"101":1,"102":2,"103":2,"104":2,"105":2,"106":2,"107":1,"108":0,"109":0,"110":0,"111":0,"112":1,"113":0,"114":0,"115":0,"116":0,"117":1,"118":1,"119":1,"120":1,"121":1,"122":1,"123":1,"124":1,"125":1,"126":1,"127":1,"128":1,"129":1,"130":1,"131":1,"132":1,"133":1,"134":1,"135":1,"136":1,"137":1,"138":1,"139":1,"140":0,"141":0,"142":0,"143":1,"144":3,"145":1,"146":3,"147":1,"148":1,"149":1,"150":1,"151":1,"152":1,"153":1,"154":1,"155":1,"156":1,"157":1,"158":1,"159":1,"160":0,"161":0,"162":0,"163":0,"164":1,"165":1,"166":1,"167":0,"168":0,"169":0,"170":0,"171":0,"172":0,"173":1,"174":0,"175":0,"176":0,"177":0,"178":0,"179":0,"180":1,"181":0,"182":0,"183":0,"184":0,"185":0,"186":1,"187":0,"188":0,"189":0,"190":0,"191":0,"192":1,"193":0},"f":{"0":2,"1":1,"2":335,"3":0,"4":335,"5":0,"6":20,"7":50,"8":50,"9":50,"10":50,"11":1,"12":0,"13":1,"14":1,"15":1,"16":1,"17":1,"18":2,"19":2,"20":0,"21":0,"22":1,"23":1,"24":1,"25":1,"26":1,"27":0,"28":3,"29":3,"30":1,"31":1,"32":0,"33":1,"34":0,"35":0,"36":0,"37":0,"38":0},"b":{"0":[2,1,2,1],"1":[2,1,2,1],"2":[20,19,14,1],"3":[20,19,14,1],"4":[50,50,0,0],"5":[50,50],"6":[50,0,0],"7":[50,50,0,0],"8":[50,50],"9":[50,0,0],"10":[50,50,50,0],"11":[50,50],"12":[50,50,0],"13":[50,50,50,0],"14":[50,50],"15":[50,50,0],"16":[50,0,50,50],"17":[1,49],"18":[50,0,50,50],"19":[0,50],"20":[50,50],"21":[50,50,50],"22":[49,1],"23":[50,50],"24":[50,50,50],"25":[50,0],"26":[50,50,50,0],"27":[50,50],"28":[50,50,0],"29":[20,30],"30":[24,6],"31":[50,50,50,0],"32":[50,50],"33":[50,50,0],"34":[27,23],"35":[19,4],"36":[1,1,0,0],"37":[1,1,0,0],"38":[0,0,0,0],"39":[0,0,0,0],"40":[1,1,0,0],"41":[1,1,0,0],"42":[1,1,0,0],"43":[1,1,0,0],"44":[1,1,0,0],"45":[1,1,0,0],"46":[2,2],"47":[2,1,0],"48":[2,2],"49":[2,1,1,0],"50":[2,2],"51":[2,1,0],"52":[2,2],"53":[2,1,1,0],"54":[1,1],"55":[1,0,0],"56":[1,1],"57":[1,0,0,0],"58":[1,1],"59":[1,0,0],"60":[1,1],"61":[1,0,0,0],"62":[1,1,0,0],"63":[1,1,0,0]},"_coverageSchema":"332fd63041d2c1bcb487cc26dd0d5f7d97098a6c","hash":"423d5f90f42ce2e82fd5a087b9cd2a897b63c52b"}
,"/home/gergely/dev/WebGLMath/js/Vec3.js": {"path":"/home/gergely/dev/WebGLMath/js/Vec3.js","statementMap":{"0":{"start":{"line":32,"column":11},"end":{"line":43,"column":1}},"1":{"start":{"line":38,"column":2},"end":{"line":42,"column":5}},"2":{"start":{"line":46,"column":0},"end":{"line":46,"column":22}},"3":{"start":{"line":54,"column":0},"end":{"line":58,"column":2}},"4":{"start":{"line":55,"column":15},"end":{"line":55,"column":44}},"5":{"start":{"line":56,"column":2},"end":{"line":56,"column":50}},"6":{"start":{"line":57,"column":2},"end":{"line":57,"column":16}},"7":{"start":{"line":65,"column":0},"end":{"line":68,"column":3}},"8":{"start":{"line":66,"column":20},"end":{"line":66,"column":43}},"9":{"start":{"line":67,"column":25},"end":{"line":67,"column":49}},"10":{"start":{"line":75,"column":0},"end":{"line":78,"column":3}},"11":{"start":{"line":76,"column":20},"end":{"line":76,"column":43}},"12":{"start":{"line":77,"column":25},"end":{"line":77,"column":49}},"13":{"start":{"line":85,"column":0},"end":{"line":88,"column":3}},"14":{"start":{"line":86,"column":20},"end":{"line":86,"column":43}},"15":{"start":{"line":87,"column":25},"end":{"line":87,"column":49}},"16":{"start":{"line":99,"column":0},"end":{"line":104,"column":2}},"17":{"start":{"line":100,"column":2},"end":{"line":100,"column":57}},"18":{"start":{"line":101,"column":2},"end":{"line":101,"column":57}},"19":{"start":{"line":102,"column":2},"end":{"line":102,"column":57}},"20":{"start":{"line":103,"column":2},"end":{"line":103,"column":14}},"21":{"start":{"line":115,"column":0},"end":{"line":128,"column":2}},"22":{"start":{"line":116,"column":15},"end":{"line":116,"column":44}},"23":{"start":{"line":117,"column":2},"end":{"line":117,"column":39}},"24":{"start":{"line":118,"column":13},"end":{"line":118,"column":64}},"25":{"start":{"line":119,"column":13},"end":{"line":119,"column":82}},"26":{"start":{"line":120,"column":2},"end":{"line":120,"column":59}},"27":{"start":{"line":121,"column":2},"end":{"line":121,"column":61}},"28":{"start":{"line":122,"column":2},"end":{"line":122,"column":79}},"29":{"start":{"line":123,"column":2},"end":{"line":123,"column":59}},"30":{"start":{"line":124,"column":2},"end":{"line":124,"column":61}},"31":{"start":{"line":125,"column":2},"end":{"line":125,"column":79}},"32":{"start":{"line":126,"column":2},"end":{"line":126,"column":59}},"33":{"start":{"line":127,"column":2},"end":{"line":127,"column":16}},"34":{"start":{"line":138,"column":0},"end":{"line":149,"column":2}},"35":{"start":{"line":139,"column":13},"end":{"line":139,"column":64}},"36":{"start":{"line":140,"column":13},"end":{"line":140,"column":82}},"37":{"start":{"line":141,"column":2},"end":{"line":141,"column":57}},"38":{"start":{"line":142,"column":2},"end":{"line":142,"column":61}},"39":{"start":{"line":143,"column":2},"end":{"line":143,"column":79}},"40":{"start":{"line":144,"column":2},"end":{"line":144,"column":57}},"41":{"start":{"line":145,"column":2},"end":{"line":145,"column":61}},"42":{"start":{"line":146,"column":2},"end":{"line":146,"column":79}},"43":{"start":{"line":147,"column":2},"end":{"line":147,"column":57}},"44":{"start":{"line":148,"column":2},"end":{"line":148,"column":14}},"45":{"start":{"line":159,"column":0},"end":{"line":185,"column":2}},"46":{"start":{"line":160,"column":13},"end":{"line":160,"column":64}},"47":{"start":{"line":161,"column":2},"end":{"line":163,"column":3}},"48":{"start":{"line":162,"column":4},"end":{"line":162,"column":27}},"49":{"start":{"line":164,"column":2},"end":{"line":164,"column":61}},"50":{"start":{"line":165,"column":2},"end":{"line":167,"column":3}},"51":{"start":{"line":166,"column":4},"end":{"line":166,"column":27}},"52":{"start":{"line":168,"column":2},"end":{"line":168,"column":61}},"53":{"start":{"line":169,"column":2},"end":{"line":171,"column":3}},"54":{"start":{"line":170,"column":4},"end":{"line":170,"column":27}},"55":{"start":{"line":172,"column":13},"end":{"line":172,"column":82}},"56":{"start":{"line":173,"column":2},"end":{"line":175,"column":3}},"57":{"start":{"line":174,"column":4},"end":{"line":174,"column":27}},"58":{"start":{"line":176,"column":2},"end":{"line":176,"column":79}},"59":{"start":{"line":177,"column":2},"end":{"line":179,"column":3}},"60":{"start":{"line":178,"column":4},"end":{"line":178,"column":27}},"61":{"start":{"line":180,"column":2},"end":{"line":180,"column":79}},"62":{"start":{"line":181,"column":2},"end":{"line":183,"column":3}},"63":{"start":{"line":182,"column":4},"end":{"line":182,"column":27}},"64":{"start":{"line":184,"column":2},"end":{"line":184,"column":14}},"65":{"start":{"line":196,"column":0},"end":{"line":225,"column":2}},"66":{"start":{"line":197,"column":13},"end":{"line":197,"column":64}},"67":{"start":{"line":198,"column":13},"end":{"line":198,"column":82}},"68":{"start":{"line":199,"column":2},"end":{"line":205,"column":3}},"69":{"start":{"line":200,"column":4},"end":{"line":200,"column":27}},"70":{"start":{"line":201,"column":9},"end":{"line":205,"column":3}},"71":{"start":{"line":202,"column":4},"end":{"line":202,"column":27}},"72":{"start":{"line":204,"column":4},"end":{"line":204,"column":35}},"73":{"start":{"line":206,"column":2},"end":{"line":206,"column":61}},"74":{"start":{"line":207,"column":2},"end":{"line":207,"column":79}},"75":{"start":{"line":208,"column":2},"end":{"line":214,"column":3}},"76":{"start":{"line":209,"column":4},"end":{"line":209,"column":27}},"77":{"start":{"line":210,"column":9},"end":{"line":214,"column":3}},"78":{"start":{"line":211,"column":4},"end":{"line":211,"column":27}},"79":{"start":{"line":213,"column":4},"end":{"line":213,"column":35}},"80":{"start":{"line":215,"column":2},"end":{"line":215,"column":61}},"81":{"start":{"line":216,"column":2},"end":{"line":216,"column":79}},"82":{"start":{"line":217,"column":2},"end":{"line":223,"column":3}},"83":{"start":{"line":218,"column":4},"end":{"line":218,"column":27}},"84":{"start":{"line":219,"column":9},"end":{"line":223,"column":3}},"85":{"start":{"line":220,"column":4},"end":{"line":220,"column":27}},"86":{"start":{"line":222,"column":4},"end":{"line":222,"column":35}},"87":{"start":{"line":224,"column":2},"end":{"line":224,"column":14}},"88":{"start":{"line":236,"column":0},"end":{"line":241,"column":2}},"89":{"start":{"line":237,"column":2},"end":{"line":237,"column":58}},"90":{"start":{"line":238,"column":2},"end":{"line":238,"column":58}},"91":{"start":{"line":239,"column":2},"end":{"line":239,"column":58}},"92":{"start":{"line":240,"column":2},"end":{"line":240,"column":14}},"93":{"start":{"line":253,"column":0},"end":{"line":258,"column":2}},"94":{"start":{"line":254,"column":2},"end":{"line":254,"column":65}},"95":{"start":{"line":255,"column":2},"end":{"line":255,"column":65}},"96":{"start":{"line":256,"column":2},"end":{"line":256,"column":65}},"97":{"start":{"line":257,"column":2},"end":{"line":257,"column":14}},"98":{"start":{"line":270,"column":0},"end":{"line":277,"column":2}},"99":{"start":{"line":271,"column":15},"end":{"line":271,"column":44}},"100":{"start":{"line":272,"column":2},"end":{"line":272,"column":39}},"101":{"start":{"line":273,"column":2},"end":{"line":273,"column":79}},"102":{"start":{"line":274,"column":2},"end":{"line":274,"column":79}},"103":{"start":{"line":275,"column":2},"end":{"line":275,"column":79}},"104":{"start":{"line":276,"column":2},"end":{"line":276,"column":16}},"105":{"start":{"line":287,"column":0},"end":{"line":292,"column":2}},"106":{"start":{"line":288,"column":2},"end":{"line":288,"column":48}},"107":{"start":{"line":289,"column":2},"end":{"line":289,"column":48}},"108":{"start":{"line":290,"column":2},"end":{"line":290,"column":48}},"109":{"start":{"line":291,"column":2},"end":{"line":291,"column":14}},"110":{"start":{"line":303,"column":0},"end":{"line":308,"column":2}},"111":{"start":{"line":304,"column":2},"end":{"line":304,"column":58}},"112":{"start":{"line":305,"column":2},"end":{"line":305,"column":58}},"113":{"start":{"line":306,"column":2},"end":{"line":306,"column":58}},"114":{"start":{"line":307,"column":2},"end":{"line":307,"column":14}},"115":{"start":{"line":319,"column":0},"end":{"line":326,"column":2}},"116":{"start":{"line":320,"column":15},"end":{"line":320,"column":44}},"117":{"start":{"line":321,"column":2},"end":{"line":321,"column":39}},"118":{"start":{"line":322,"column":2},"end":{"line":322,"column":79}},"119":{"start":{"line":323,"column":2},"end":{"line":323,"column":79}},"120":{"start":{"line":324,"column":2},"end":{"line":324,"column":79}},"121":{"start":{"line":325,"column":2},"end":{"line":325,"column":16}},"122":{"start":{"line":336,"column":0},"end":{"line":341,"column":2}},"123":{"start":{"line":337,"column":2},"end":{"line":337,"column":48}},"124":{"start":{"line":338,"column":2},"end":{"line":338,"column":48}},"125":{"start":{"line":339,"column":2},"end":{"line":339,"column":48}},"126":{"start":{"line":340,"column":2},"end":{"line":340,"column":14}},"127":{"start":{"line":352,"column":0},"end":{"line":357,"column":2}},"128":{"start":{"line":353,"column":2},"end":{"line":353,"column":76}},"129":{"start":{"line":354,"column":2},"end":{"line":354,"column":105}},"130":{"start":{"line":355,"column":2},"end":{"line":355,"column":105}},"131":{"start":{"line":356,"column":2},"end":{"line":356,"column":14}},"132":{"start":{"line":368,"column":0},"end":{"line":375,"column":2}},"133":{"start":{"line":369,"column":15},"end":{"line":369,"column":44}},"134":{"start":{"line":370,"column":2},"end"
[...]
lumn":2},"end":{"line":223,"column":3}},"type":"if","locations":[{"start":{"line":217,"column":2},"end":{"line":223,"column":3}},{"start":{"line":217,"column":2},"end":{"line":223,"column":3}}],"line":217},"53":{"loc":{"start":{"line":219,"column":9},"end":{"line":223,"column":3}},"type":"if","locations":[{"start":{"line":219,"column":9},"end":{"line":223,"column":3}},{"start":{"line":219,"column":9},"end":{"line":223,"column":3}}],"line":219},"54":{"loc":{"start":{"line":237,"column":21},"end":{"line":237,"column":57}},"type":"binary-expr","locations":[{"start":{"line":237,"column":21},"end":{"line":237,"column":22}},{"start":{"line":237,"column":26},"end":{"line":237,"column":29}},{"start":{"line":237,"column":33},"end":{"line":237,"column":52}},{"start":{"line":237,"column":56},"end":{"line":237,"column":57}}],"line":237},"55":{"loc":{"start":{"line":238,"column":21},"end":{"line":238,"column":57}},"type":"binary-expr","locations":[{"start":{"line":238,"column":21},"end":{"line":238,"column":22}},{"start":{"line":238,"column":26},"end":{"line":238,"column":29}},{"start":{"line":238,"column":33},"end":{"line":238,"column":52}},{"start":{"line":238,"column":56},"end":{"line":238,"column":57}}],"line":238},"56":{"loc":{"start":{"line":239,"column":21},"end":{"line":239,"column":57}},"type":"binary-expr","locations":[{"start":{"line":239,"column":21},"end":{"line":239,"column":22}},{"start":{"line":239,"column":26},"end":{"line":239,"column":29}},{"start":{"line":239,"column":33},"end":{"line":239,"column":52}},{"start":{"line":239,"column":56},"end":{"line":239,"column":57}}],"line":239},"57":{"loc":{"start":{"line":254,"column":27},"end":{"line":254,"column":63}},"type":"binary-expr","locations":[{"start":{"line":254,"column":27},"end":{"line":254,"column":28}},{"start":{"line":254,"column":32},"end":{"line":254,"column":35}},{"start":{"line":254,"column":39},"end":{"line":254,"column":58}},{"start":{"line":254,"column":62},"end":{"line":254,"column":63}}],"line":254},"58":{"loc":{"start":{"line":255,"column":27},"end":{"line":255,"column":63}},"type":"binary-expr","locations":[{"start":{"line":255,"column":27},"end":{"line":255,"column":28}},{"start":{"line":255,"column":32},"end":{"line":255,"column":35}},{"start":{"line":255,"column":39},"end":{"line":255,"column":58}},{"start":{"line":255,"column":62},"end":{"line":255,"column":63}}],"line":255},"59":{"loc":{"start":{"line":256,"column":27},"end":{"line":256,"column":63}},"type":"binary-expr","locations":[{"start":{"line":256,"column":27},"end":{"line":256,"column":28}},{"start":{"line":256,"column":32},"end":{"line":256,"column":35}},{"start":{"line":256,"column":39},"end":{"line":256,"column":58}},{"start":{"line":256,"column":62},"end":{"line":256,"column":63}}],"line":256},"60":{"loc":{"start":{"line":273,"column":41},"end":{"line":273,"column":77}},"type":"binary-expr","locations":[{"start":{"line":273,"column":41},"end":{"line":273,"column":42}},{"start":{"line":273,"column":46},"end":{"line":273,"column":49}},{"start":{"line":273,"column":53},"end":{"line":273,"column":72}},{"start":{"line":273,"column":76},"end":{"line":273,"column":77}}],"line":273},"61":{"loc":{"start":{"line":274,"column":41},"end":{"line":274,"column":77}},"type":"binary-expr","locations":[{"start":{"line":274,"column":41},"end":{"line":274,"column":42}},{"start":{"line":274,"column":46},"end":{"line":274,"column":49}},{"start":{"line":274,"column":53},"end":{"line":274,"column":72}},{"start":{"line":274,"column":76},"end":{"line":274,"column":77}}],"line":274},"62":{"loc":{"start":{"line":275,"column":41},"end":{"line":275,"column":77}},"type":"binary-expr","locations":[{"start":{"line":275,"column":41},"end":{"line":275,"column":42}},{"start":{"line":275,"column":46},"end":{"line":275,"column":49}},{"start":{"line":275,"column":53},"end":{"line":275,"column":72}},{"start":{"line":275,"column":76},"end":{"line":275,"column":77}}],"line":275},"63":{"loc":{"start":{"line":304,"column":21},"end":{"line":304,"column":57}},"type":"binary-expr","locations":[{"start":{"line":304,"column":21},"end":{"line":304,"column":22}},{"start":{"line":304,"column":26},"end":{"line":304,"column":29}},{"start":{"line":304,"column":33},"end":{"line":304,"column":52}},{"start":{"line":304,"column":56},"end":{"line":304,"column":57}}],"line":304},"64":{"loc":{"start":{"line":305,"column":21},"end":{"line":305,"column":57}},"type":"binary-expr","locations":[{"start":{"line":305,"column":21},"end":{"line":305,"column":22}},{"start":{"line":305,"column":26},"end":{"line":305,"column":29}},{"start":{"line":305,"column":33},"end":{"line":305,"column":52}},{"start":{"line":305,"column":56},"end":{"line":305,"column":57}}],"line":305},"65":{"loc":{"start":{"line":306,"column":21},"end":{"line":306,"column":57}},"type":"binary-expr","locations":[{"start":{"line":306,"column":21},"end":{"line":306,"column":22}},{"start":{"line":306,"column":26},"end":{"line":306,"column":29}},{"start":{"line":306,"column":33},"end":{"line":306,"column":52}},{"start":{"line":306,"column":56},"end":{"line":306,"column":57}}],"line":306},"66":{"loc":{"start":{"line":322,"column":41},"end":{"line":322,"column":77}},"type":"binary-expr","locations":[{"start":{"line":322,"column":41},"end":{"line":322,"column":42}},{"start":{"line":322,"column":46},"end":{"line":322,"column":49}},{"start":{"line":322,"column":53},"end":{"line":322,"column":72}},{"start":{"line":322,"column":76},"end":{"line":322,"column":77}}],"line":322},"67":{"loc":{"start":{"line":323,"column":41},"end":{"line":323,"column":77}},"type":"binary-expr","locations":[{"start":{"line":323,"column":41},"end":{"line":323,"column":42}},{"start":{"line":323,"column":46},"end":{"line":323,"column":49}},{"start":{"line":323,"column":53},"end":{"line":323,"column":72}},{"start":{"line":323,"column":76},"end":{"line":323,"column":77}}],"line":323},"68":{"loc":{"start":{"line":324,"column":41},"end":{"line":324,"column":77}},"type":"binary-expr","locations":[{"start":{"line":324,"column":41},"end":{"line":324,"column":42}},{"start":{"line":324,"column":46},"end":{"line":324,"column":49}},{"start":{"line":324,"column":53},"end":{"line":324,"column":72}},{"start":{"line":324,"column":76},"end":{"line":324,"column":77}}],"line":324},"69":{"loc":{"start":{"line":353,"column":21},"end":{"line":353,"column":75}},"type":"binary-expr","locations":[{"start":{"line":353,"column":21},"end":{"line":353,"column":22}},{"start":{"line":353,"column":26},"end":{"line":353,"column":75}}],"line":353},"70":{"loc":{"start":{"line":353,"column":27},"end":{"line":353,"column":70}},"type":"binary-expr","locations":[{"start":{"line":353,"column":28},"end":{"line":353,"column":35}},{"start":{"line":353,"column":41},"end":{"line":353,"column":64}},{"start":{"line":353,"column":69},"end":{"line":353,"column":70}}],"line":353},"71":{"loc":{"start":{"line":354,"column":21},"end":{"line":354,"column":104}},"type":"binary-expr","locations":[{"start":{"line":354,"column":21},"end":{"line":354,"column":22}},{"start":{"line":354,"column":26},"end":{"line":354,"column":104}}],"line":354},"72":{"loc":{"start":{"line":354,"column":27},"end":{"line":354,"column":99}},"type":"binary-expr","locations":[{"start":{"line":354,"column":28},"end":{"line":354,"column":35}},{"start":{"line":354,"column":41},"end":{"line":354,"column":64}},{"start":{"line":354,"column":70},"end":{"line":354,"column":93}},{"start":{"line":354,"column":98},"end":{"line":354,"column":99}}],"line":354},"73":{"loc":{"start":{"line":355,"column":21},"end":{"line":355,"column":104}},"type":"binary-expr","locations":[{"start":{"line":355,"column":21},"end":{"line":355,"column":22}},{"start":{"line":355,"column":26},"end":{"line":355,"column":104}}],"line":355},"74":{"loc":{"start":{"line":355,"column":27},"end":{"line":355,"column":99}},"type":"binary-expr","locations":[{"start":{"line":355,"column":28},"end":{"line":355,"column":35}},{"start":{"line":355,"column":41},"end":{"line":355,"column":64}},{"start":{"line":355,"column":70},"end":{"line":355,"column":93}},{"start":{"line":355,"column":98},"end":{"line":355,"column":99}}],"line":355},"75":{"loc":{"start":{"line":371,"column":41},"end":{"line":371,"column":95}},"type":"binary-expr","locations":[{"start":{"line":371,"column":41},"end":{"line":371,"column":42}},{"start":{"line":371,"column":46},"end":{"line":371,"column":95}}],"line":371},"76":{"loc":{"start":{"line":371,"column":47},"end":{"line":371,"column":90}},"type":"binary-expr","locations":[{"start":{"line":371,"column":48},"end":{"line":371,"column":55}},{"start":{"line":371,"column":61},"end":{"line":371,"column":84}},{"start":{"line":371,"column":89},"end":{"line":371,"column":90}}],"line":371},"77":{"loc":{"start":{"line":372,"column":41},"end":{"line":372,"column":124}},"type":"binary-expr","locations":[{"start":{"line":372,"column":41},"end":{"line":372,"column":42}},{"start":{"line":372,"column":46},"end":{"line":372,"column":124}}],"line":372},"78":{"loc":{"start":{"line":372,"column":47},"end":{"line":372,"column":119}},"type":"binary-expr","locations":[{"start":{"line":372,"column":48},"end":{"line":372,"column":55}},{"start":{"line":372,"column":61},"end":{"line":372,"column":84}},{"start":{"line":372,"column":90},"end":{"line":372,"column":113}},{"start":{"line":372,"column":118},"end":{"line":372,"column":119}}],"line":372},"79":{"loc":{"start":{"line":373,"column":41},"end":{"line":373,"column":124}},"type":"binary-expr","locations":[{"start":{"line":373,"column":41},"end":{"line":373,"column":42}},{"start":{"line":373,"column":46},"end":{"line":373,"column":124}}],"line":373},"80":{"loc":{"start":{"line":373,"column":47},"end":{"line":373,"column":119}},"type":"binary-expr","locations":[{"start":{"line":373,"column":48},"end":{"line":373,"column":55}},{"start":{"line":373,"column":61},"end":{"line":373,"column":84}},{"start":{"line":373,"column":90},"end":{"line":373,"column":113}},{"start":{"line":373,"column":118},"end":{"line":373,"column":119}}],"line":373},"81":{"loc":{"start":{"line":430,"column":21},"end":{"line":430,"column":75}},"type":"binary-expr","locations":[{"start":{"line":430,"column":21},"end":{"line":430,"column":22}},{"start":{"line":430,"column":26},"end":{"line":430,"column":75}}],"line":430},"82":{"loc":{"start":{"line":430,"column":27},"end":{"line":430,"column":70}},"type":"binary-expr","locations":[{"start":{"line":430,"column":28},"end":{"line":430,"column":35}},{"start":{"line":430,"column":41},"end":{"line":430,"column":64}},{"start":{"line":430,"column":69},"end":{"line":430,"column":70}}],"line":430},"83":{"loc":{"start":{"line":431,"column":21},"end":{"line":431,"column":104}},"type":"binary-expr","locations":[{"start":{"line":431,"column":21},"end":{"line":431,"column":22}},{"start":{"line":431,"column":26},"end":{"line":431,"column":104}}],"line":431},"84":{"loc":{"start":{"line":431,"column":27},"end":{"line":431,"column":99}},"type":"binary-expr","locations":[{"start":{"line":431,"column":28},"end":{"line":431,"column":35}},{"start":{"line":431,"column":41},"end":{"line":431,"column":64}},{"start":{"line":431,"column":70},"end":{"line":431,"column":93}},{"start":{"line":431,"column":98},"end":{"line":431,"column":99}}],"line":431},"85":{"loc":{"start":{"line":432,"column":21},"end":{"line":432,"column":104}},"type":"binary-expr","locations":[{"start":{"line":432,"column":21},"end":{"line":432,"column":22}},{"start":{"line":432,"column":26},"end":{"line":432,"column":104}}],"line":432},"86":{"loc":{"start":{"line":432,"column":27},"end":{"line":432,"column":99}},"type":"binary-expr","locations":[{"start":{"line":432,"column":28},"end":{"line":432,"column":35}},{"start":{"line":432,"column":41},"end":{"line":432,"column":64}},{"start":{"line":432,"column":70},"end":{"line":432,"column":93}},{"start":{"line":432,"column":98},"end":{"line":432,"column":99}}],"line":432},"87":{"loc":{"start":{"line":448,"column":41},"end":{"line":448,"column":95}},"type":"binary-expr","locations":[{"start":{"line":448,"column":41},"end":{"line":448,"column":42}},{"start":{"line":448,"column":46},"end":{"line":448,"column":95}}],"line":448},"88":{"loc":{"start":{"line":448,"column":47},"end":{"line":448,"column":90}},"type":"binary-expr","locations":[{"start":{"line":448,"column":48},"end":{"line":448,"column":55}},{"start":{"line":448,"column":61},"end":{"line":448,"column":84}},{"start":{"line":448,"column":89},"end":{"line":448,"column":90}}],"line":448},"89":{"loc":{"start":{"line":449,"column":41},"end":{"line":449,"column":124}},"type":"binary-expr","locations":[{"start":{"line":449,"column":41},"end":{"line":449,"column":42}},{"start":{"line":449,"column":46},"end":{"line":449,"column":124}}],"line":449},"90":{"loc":{"start":{"line":449,"column":47},"end":{"line":449,"column":119}},"type":"binary-expr","locations":[{"start":{"line":449,"column":48},"end":{"line":449,"column":55}},{"start":{"line":449,"column":61},"end":{"line":449,"column":84}},{"start":{"line":449,"column":90},"end":{"line":449,"column":113}},{"start":{"line":449,"column":118},"end":{"line":449,"column":119}}],"line":449},"91":{"loc":{"start":{"line":450,"column":41},"end":{"line":450,"column":124}},"type":"binary-expr","locations":[{"start":{"line":450,"column":41},"end":{"line":450,"column":42}},{"start":{"line":450,"column":46},"end":{"line":450,"column":124}}],"line":450},"92":{"loc":{"start":{"line":450,"column":47},"end":{"line":450,"column":119}},"type":"binary-expr","locations":[{"start":{"line":450,"column":48},"end":{"line":450,"column":55}},{"start":{"line":450,"column":61},"end":{"line":450,"column":84}},{"start":{"line":450,"column":90},"end":{"line":450,"column":113}},{"start":{"line":450,"column":118},"end":{"line":450,"column":119}}],"line":450},"93":{"loc":{"start":{"line":574,"column":28},"end":{"line":574,"column":64}},"type":"binary-expr","locations":[{"start":{"line":574,"column":28},"end":{"line":574,"column":29}},{"start":{"line":574,"column":33},"end":{"line":574,"column":36}},{"start":{"line":574,"column":40},"end":{"line":574,"column":59}},{"start":{"line":574,"column":63},"end":{"line":574,"column":64}}],"line":574},"94":{"loc":{"start":{"line":575,"column":28},"end":{"line":575,"column":64}},"type":"binary-expr","locations":[{"start":{"line":575,"column":28},"end":{"line":575,"column":29}},{"start":{"line":575,"column":33},"end":{"line":575,"column":36}},{"start":{"line":575,"column":40},"end":{"line":575,"column":59}},{"start":{"line":575,"column":63},"end":{"line":575,"column":64}}],"line":575},"95":{"loc":{"start":{"line":576,"column":28},"end":{"line":576,"column":64}},"type":"binary-expr","locations":[{"start":{"line":576,"column":28},"end":{"line":576,"column":29}},{"start":{"line":576,"column":33},"end":{"line":576,"column":36}},{"start":{"line":576,"column":40},"end":{"line":576,"column":59}},{"start":{"line":576,"column":63},"end":{"line":576,"column":64}}],"line":576},"96":{"loc":{"start":{"line":591,"column":13},"end":{"line":591,"column":49}},"type":"binary-expr","locations":[{"start":{"line":591,"column":13},"end":{"line":591,"column":14}},{"start":{"line":591,"column":18},"end":{"line":591,"column":21}},{"start":{"line":591,"column":25},"end":{"line":591,"column":44}},{"start":{"line":591,"column":48},"end":{"line":591,"column":49}}],"line":591},"97":{"loc":{"start":{"line":592,"column":13},"end":{"line":592,"column":49}},"type":"binary-expr","locations":[{"start":{"line":592,"column":13},"end":{"line":592,"column":14}},{"start":{"line":592,"column":18},"end":{"line":592,"column":21}},{"start":{"line":592,"column":25},"end":{"line":592,"column":44}},{"start":{"line":592,"column":48},"end":{"line":592,"column":49}}],"line":592},"98":{"loc":{"start":{"line":593,"column":13},"end":{"line":593,"column":49}},"type":"binary-expr","locations":[{"start":{"line":593,"column":13},"end":{"line":593,"column":14}},{"start":{"line":593,"column":18},"end":{"line":593,"column":21}},{"start":{"line":593,"column":25},"end":{"line":593,"column":44}},{"start":{"line":593,"column":48},"end":{"line":593,"column":49}}],"line":593}},"s":{"0":2,"1":5,"2":2,"3":2,"4":1,"5":1,"6":1,"7":2,"8":335,"9":0,"10":2,"11":335,"12":0,"13":2,"14":235,"15":0,"16":2,"17":20,"18":20,"19":20,"20":20,"21":2,"22":50,"23":50,"24":50,"25":50,"26":50,"27":50,"28":50,"29":50,"30":50,"31":50,"32":50,"33":50,"34":2,"35":50,"36":50,"37":50,"38":50,"39":50,"40":50,"41":50,"42":50,"43":50,"44":50,"45":2,"46":50,"47":50,"48":1,"49":50,"50":50,"51":0,"52":50,"53":50,"54":0,"55":50,"56":50,"57":49,"58":50,"59":50,"60":50,"61":50,"62":50,"63":0,"64":50,"65":2,"66":50,"67":50,"68":50,"69":24,"70":26,"71":22,"72":4,"73":50,"74":50,"75":50,"76":21,"77":29,"78":25,"79":4,"80":50,"81":50,"82":50,"83":24,"84":26,"85":21,"86":5,"87":50,"88":2,"89":1,"90":1,"91":1,"92":1,"93":2,"94":0,"95":0,"96":0,"97":0,"98":2,"99":1,"100":1,"101":1,"102":1,"103":1,"104":1,"105":2,"106":1,"107":1,"108":1,"109":1,"110":2,"111":1,"112":1,"113":1,"114":1,"115":2,"116":1,"117":1,"118":1,"119":1,"120":1,"121":1,"122":2,"123":1,"124":1,"125":1,"126":1,"127":2,"128":2,"129":2,"130":2,"131":2,"132":2,"133":2,"134":2,"135":2,"136":2,"137":2,"138":2,"139":2,"140":0,"141":0,"142":0,"143":0,"144":2,"145":0,"146":0,"147":0,"148":0,"149":2,"150":1,"151":1,"152":1,"153":1,"154":2,"155":1,"156":1,"157":1,"158":1,"159":2,"160":1,"161":1,"162":1,"163":1,"164":1,"165":1,"166":2,"167":1,"168":1,"169":1,"170":1,"171":2,"172":1,"173":1,"174":1,"175":1,"176":2,"177":0,"178":0,"179":0,"180":0,"181":2,"182":3,"183":2,"184":3,"185":2,"186":1,"187":1,"188":1,"189":1,"190":1,"191":2,"192":1,"193":1,"194":1,"195":1,"196":1,"197":1,"198":1,"199":2,"200":0,"201":0,"202":0,"203":0,"204":0,"205":2,"206":1,"207":2,"208":0,"209":0,"210":0,"211":0,"212":0,"213":0,"214":0,"215":0,"216":0,"217":2,"218":0,"219":0,"220":0,"221":0,"222":2,"223":0,"224":0,"225":0,"226":0,"227":0,"228":0,"229":0,"230":0,"231":2,"232":0,"233":0,"234":0,"235":0,"236":0,"237":0,"238":0,"239":0,"240":2,"241":0,"242":0,"243":0,"244":0,"245":0,"246":0,"247":0,"248":2,"249":0,"250":0,"251":0,"252":0,"253":0,"254":0,"255":0,"256":2,"257":0},"f":{"0":5,"1":1,"2":335,"3":0,"4":335,"5":0,"6":235,"7":0,"8":20,"9":50,"10":50,"11":50,"12":50,"13":1,"14":0,"15":1,"16":1,"17":1,"18":1,"19":1,"20":2,"21":2,"22":0,"23":0,"24":1,"25":1,"26":1,"27":1,"28":1,"29":0,"30":3,"31":3,"32":1,"33":1,"34":0,"35":1,"36":0,"37":0,"38":0,"39":0,"40":0,"41":0,"42":0},"b":{"0":[5,4,5,1],"1":[5,4,5,1],"2":[5,4,5,3],"3":[20,19,14,1],"4":[20,19,14,1],"5":[20,19,14,2],"6":[50,50,0,0],"7":[50,50],"8":[50,0,0],"9":[50,50,0,0],"10":[50,50],"11":[50,0,0],"12":[50,50,50,50],"13":[50,50],"14":[50,50,50],"15":[50,50,50,0],"16":[50,50],"17":[50,50,0],"18":[50,50,50,0],"19":[50,50],"20":[50,50,0],"21":[50,50,50,0],"22":[50,50],"23":[50,50,0],"24":[50,0,50,50],"25":[1,49],"26":[50,0,50,50],"27":[0,50],"28":[50,0,50,50],"29":[0,50],"30":[50,50],"31":[50,50,50],"32":[49,1],"33":[50,50],"34":[50,50,50],"35":[50,0],"36":[50,50],"37":[50,50,50],"38":[0,50],"39":[50,50,50,0],"40":[50,50],"41":[50,50,0],"42":[24,26],"43":[22,4],"44":[50,50,50,0],"45":[50,50],"46":[50,50,0],"47":[21,29],"48":[25,4],"49":[50,50,50,0],"50":[50,50],"51":[50,50,0],"52":[24,26],"53":[21,5],"54":[1,1,0,0],"55":[1,1,0,0],"56":[1,1,0,0],"57":[0,0,0,0],"58":[0,0,0,0],"59":[0,0,0,0],"60":[1,1,0,0],"61":[1,1,0,0],"62":[1,1,0,0],"63":[1,1,0,0],"64":[1,1,0,0],"65":[1,1,0,0],"66":[1,1,0,0],"67":[1,1,0,0],"68":[1,1,0,0],"69":[2,2],"70":[2,1,0],"71":[2,2],"72":[2,1,1,0],"73":[2,2],"74":[2,1,1,0],"75":[2,2],"76":[2,1,0],"77":[2,2],"78":[2,1,1,0],"79":[2,2],"80":[2,1,1,0],"81":[1,1],"82":[1,0,0],"83":[1,1],"84":[1,0,0,0],"85":[1,1],"86":[1,0,0,0],"87":[1,1],"88":[1,0,0],"89":[1,1],"90":[1,0,0,0],"91":[1,1],"92":[1,0,0,0],"93":[1,1,0,0],"94":[1,1,0,0],"95":[1,1,0,0],"96":[0,0,0,0],"97":[0,0,0,0],"98":[0,0,0,0]},"_coverageSchema":"332fd63041d2c1bcb487cc26dd0d5f7d97098a6c","hash":"c49f1a84f8c9ade68e6e493faf16bc227e62e6d5"}
}
