TN:
SF:/home/gergely/dev/WebGLMath/js/Vec1.js
FN:12,(anonymous_0)
FN:32,(anonymous_1)
FN:44,(anonymous_2)
FN:45,(anonymous_3)
FN:55,(anonymous_4)
FN:69,(anonymous_5)
FN:86,(anonymous_6)
FN:101,(anonymous_7)
FN:122,(anonymous_8)
FN:142,(anonymous_9)
FN:155,(anonymous_10)
FN:167,(anonymous_11)
FN:182,(anonymous_12)
FN:194,(anonymous_13)
FN:206,(anonymous_14)
FN:221,(anonymous_15)
FN:233,(anonymous_16)
FN:245,(anonymous_17)
FN:260,(anonymous_18)
FN:272,(anonymous_19)
FN:284,(anonymous_20)
FN:299,(anonymous_21)
FN:312,(anonymous_22)
FN:325,(anonymous_23)
FN:337,(anonymous_24)
FN:349,(anonymous_25)
FN:362,(anonymous_26)
FN:375,(anonymous_27)
FN:387,(anonymous_28)
FN:399,(anonymous_29)
FN:411,(anonymous_30)
FN:423,(anonymous_31)
FNF:32
FNH:24
FNDA:4,(anonymous_0)
FNDA:1,(anonymous_1)
FNDA:435,(anonymous_2)
FNDA:0,(anonymous_3)
FNDA:18,(anonymous_4)
FNDA:50,(anonymous_5)
FNDA:50,(anonymous_6)
FNDA:50,(anonymous_7)
FNDA:50,(anonymous_8)
FNDA:1,(anonymous_9)
FNDA:0,(anonymous_10)
FNDA:1,(anonymous_11)
FNDA:1,(anonymous_12)
FNDA:1,(anonymous_13)
FNDA:1,(anonymous_14)
FNDA:1,(anonymous_15)
FNDA:2,(anonymous_16)
FNDA:2,(anonymous_17)
FNDA:1,(anonymous_18)
FNDA:1,(anonymous_19)
FNDA:1,(anonymous_20)
FNDA:1,(anonymous_21)
FNDA:1,(anonymous_22)
FNDA:0,(anonymous_23)
FNDA:1,(anonymous_24)
FNDA:0,(anonymous_25)
FNDA:1,(anonymous_26)
FNDA:0,(anonymous_27)
FNDA:0,(anonymous_28)
FNDA:1,(anonymous_29)
FNDA:0,(anonymous_30)
FNDA:0,(anonymous_31)
DA:12,1
DA:18,4
DA:23,1
DA:32,1
DA:33,1
DA:34,1
DA:35,1
DA:43,1
DA:44,435
DA:45,0
DA:55,1
DA:56,18
DA:57,18
DA:69,1
DA:70,50
DA:71,50
DA:72,50
DA:73,50
DA:74,50
DA:75,50
DA:86,1
DA:87,50
DA:88,50
DA:89,50
DA:90,50
DA:101,1
DA:102,50
DA:103,50
DA:104,2
DA:106,50
DA:107,50
DA:108,48
DA:110,50
DA:122,1
DA:123,50
DA:124,50
DA:125,50
DA:126,25
DA:127,25
DA:128,23
DA:130,2
DA:132,50
DA:142,1
DA:143,1
DA:144,1
DA:155,1
DA:156,0
DA:157,0
DA:167,1
DA:168,1
DA:169,1
DA:170,1
DA:171,1
DA:182,1
DA:183,1
DA:184,1
DA:194,1
DA:195,1
DA:196,1
DA:206,1
DA:207,1
DA:208,1
DA:209,1
DA:210,1
DA:221,1
DA:222,1
DA:223,1
DA:233,1
DA:234,2
DA:235,2
DA:245,1
DA:246,2
DA:247,2
DA:248,2
DA:249,2
DA:260,1
DA:261,1
DA:262,1
DA:272,1
DA:273,1
DA:274,1
DA:284,1
DA:285,1
DA:286,1
DA:287,1
DA:288,1
DA:299,1
DA:300,1
DA:301,1
DA:312,1
DA:313,1
DA:314,1
DA:325,1
DA:326,0
DA:327,0
DA:337,1
DA:338,1
DA:349,1
DA:350,0
DA:351,0
DA:362,1
DA:363,1
DA:364,1
DA:375,1
DA:376,0
DA:377,0
DA:387,1
DA:388,0
DA:389,0
DA:399,1
DA:400,1
DA:401,1
DA:411,1
DA:412,0
DA:413,0
DA:423,1
DA:424,0
LF:117
LH:103
BRDA:19,0,0,4
BRDA:19,0,1,4
BRDA:19,0,2,4
BRDA:19,0,3,0
BRDA:56,1,0,18
BRDA:56,1,1,17
BRDA:56,1,2,12
BRDA:56,1,3,1
BRDA:72,2,0,50
BRDA:72,2,1,50
BRDA:72,2,2,50
BRDA:72,2,3,0
BRDA:73,3,0,50
BRDA:73,3,1,50
BRDA:73,4,0,50
BRDA:73,4,1,50
BRDA:73,4,2,0
BRDA:87,5,0,50
BRDA:87,5,1,50
BRDA:87,5,2,50
BRDA:87,5,3,0
BRDA:88,6,0,50
BRDA:88,6,1,50
BRDA:88,7,0,50
BRDA:88,7,1,50
BRDA:88,7,2,0
BRDA:102,8,0,50
BRDA:102,8,1,0
BRDA:102,8,2,50
BRDA:102,8,3,50
BRDA:103,9,0,2
BRDA:103,9,1,48
BRDA:106,10,0,50
BRDA:106,10,1,50
BRDA:106,11,0,50
BRDA:106,11,1,50
BRDA:106,11,2,50
BRDA:107,12,0,48
BRDA:107,12,1,2
BRDA:123,13,0,50
BRDA:123,13,1,50
BRDA:123,13,2,50
BRDA:123,13,3,0
BRDA:124,14,0,50
BRDA:124,14,1,50
BRDA:124,15,0,50
BRDA:124,15,1,50
BRDA:124,15,2,0
BRDA:125,16,0,25
BRDA:125,16,1,25
BRDA:127,17,0,23
BRDA:127,17,1,2
BRDA:143,18,0,1
BRDA:143,18,1,1
BRDA:143,18,2,0
BRDA:143,18,3,0
BRDA:156,19,0,0
BRDA:156,19,1,0
BRDA:156,19,2,0
BRDA:156,19,3,0
BRDA:170,20,0,1
BRDA:170,20,1,1
BRDA:170,20,2,0
BRDA:170,20,3,0
BRDA:195,21,0,1
BRDA:195,21,1,1
BRDA:195,21,2,0
BRDA:195,21,3,0
BRDA:209,22,0,1
BRDA:209,22,1,1
BRDA:209,22,2,0
BRDA:209,22,3,0
BRDA:234,23,0,2
BRDA:234,23,1,2
BRDA:234,24,0,2
BRDA:234,24,1,1
BRDA:234,24,2,0
BRDA:248,25,0,2
BRDA:248,25,1,2
BRDA:248,26,0,2
BRDA:248,26,1,1
BRDA:248,26,2,0
BRDA:273,27,0,1
BRDA:273,27,1,1
BRDA:273,28,0,1
BRDA:273,28,1,0
BRDA:273,28,2,0
BRDA:287,29,0,1
BRDA:287,29,1,1
BRDA:287,30,0,1
BRDA:287,30,1,0
BRDA:287,30,2,0
BRDA:338,31,0,1
BRDA:338,31,1,1
BRDA:338,31,2,0
BRDA:338,31,3,0
BRF:96
BRH:68
end_of_record
TN:
SF:/home/gergely/dev/WebGLMath/js/Vec2.js
FN:30,(anonymous_0)
FN:51,(anonymous_1)
FN:63,(anonymous_2)
FN:64,(anonymous_3)
FN:73,(anonymous_4)
FN:74,(anonymous_5)
FN:85,(anonymous_6)
FN:100,(anonymous_7)
FN:120,(anonymous_8)
FN:138,(anonymous_9)
FN:167,(anonymous_10)
FN:197,(anonymous_11)
FN:212,(anonymous_12)
FN:226,(anonymous_13)
FN:242,(anonymous_14)
FN:256,(anonymous_15)
FN:270,(anonymous_16)
FN:286,(anonymous_17)
FN:300,(anonymous_18)
FN:314,(anonymous_19)
FN:329,(anonymous_20)
FN:343,(anonymous_21)
FN:358,(anonymous_22)
FN:372,(anonymous_23)
FN:386,(anonymous_24)
FN:402,(anonymous_25)
FN:416,(anonymous_26)
FN:430,(anonymous_27)
FN:442,(anonymous_28)
FN:452,(anonymous_29)
FN:462,(anonymous_30)
FN:475,(anonymous_31)
FN:491,(anonymous_32)
FN:506,(anonymous_33)
FN:518,(anonymous_34)
FN:544,(anonymous_35)
FN:569,(anonymous_36)
FN:589,(anonymous_37)
FN:608,(anonymous_38)
FNF:39
FNH:27
FNDA:2,(anonymous_0)
FNDA:1,(anonymous_1)
FNDA:335,(anonymous_2)
FNDA:0,(anonymous_3)
FNDA:335,(anonymous_4)
FNDA:0,(anonymous_5)
FNDA:20,(anonymous_6)
FNDA:50,(anonymous_7)
FNDA:50,(anonymous_8)
FNDA:50,(anonymous_9)
FNDA:50,(anonymous_10)
FNDA:1,(anonymous_11)
FNDA:0,(anonymous_12)
FNDA:1,(anonymous_13)
FNDA:1,(anonymous_14)
FNDA:1,(anonymous_15)
FNDA:1,(anonymous_16)
FNDA:1,(anonymous_17)
FNDA:2,(anonymous_18)
FNDA:2,(anonymous_19)
FNDA:0,(anonymous_20)
FNDA:0,(anonymous_21)
FNDA:1,(anonymous_22)
FNDA:1,(anonymous_23)
FNDA:1,(anonymous_24)
FNDA:1,(anonymous_25)
FNDA:1,(anonymous_26)
FNDA:0,(anonymous_27)
FNDA:3,(anonymous_28)
FNDA:3,(anonymous_29)
FNDA:1,(anonymous_30)
FNDA:1,(anonymous_31)
FNDA:0,(anonymous_32)
FNDA:1,(anonymous_33)
FNDA:0,(anonymous_34)
FNDA:0,(anonymous_35)
FNDA:0,(anonymous_36)
FNDA:0,(anonymous_37)
FNDA:0,(anonymous_38)
DA:30,1
DA:36,2
DA:43,1
DA:51,1
DA:52,1
DA:53,1
DA:54,1
DA:62,1
DA:63,335
DA:64,0
DA:72,1
DA:73,335
DA:74,0
DA:85,1
DA:86,20
DA:87,20
DA:88,20
DA:100,1
DA:101,50
DA:102,50
DA:103,50
DA:104,50
DA:105,50
DA:106,50
DA:107,50
DA:108,50
DA:109,50
DA:120,1
DA:121,50
DA:122,50
DA:123,50
DA:124,50
DA:125,50
DA:126,50
DA:127,50
DA:138,1
DA:139,50
DA:140,50
DA:141,1
DA:143,50
DA:144,50
DA:145,0
DA:147,50
DA:148,50
DA:149,49
DA:151,50
DA:152,50
DA:153,50
DA:155,50
DA:167,1
DA:168,50
DA:169,50
DA:170,50
DA:171,20
DA:172,30
DA:173,24
DA:175,6
DA:177,50
DA:178,50
DA:179,50
DA:180,27
DA:181,23
DA:182,19
DA:184,4
DA:186,50
DA:197,1
DA:198,1
DA:199,1
DA:200,1
DA:212,1
DA:213,0
DA:214,0
DA:215,0
DA:226,1
DA:227,1
DA:228,1
DA:229,1
DA:230,1
DA:231,1
DA:242,1
DA:243,1
DA:244,1
DA:245,1
DA:256,1
DA:257,1
DA:258,1
DA:259,1
DA:270,1
DA:271,1
DA:272,1
DA:273,1
DA:274,1
DA:275,1
DA:286,1
DA:287,1
DA:288,1
DA:289,1
DA:300,1
DA:301,2
DA:302,2
DA:303,2
DA:314,1
DA:315,2
DA:316,2
DA:317,2
DA:318,2
DA:319,2
DA:329,1
DA:330,0
DA:331,0
DA:332,0
DA:333,0
DA:343,1
DA:344,0
DA:345,0
DA:346,0
DA:347,0
DA:358,1
DA:359,1
DA:360,1
DA:361,1
DA:372,1
DA:373,1
DA:374,1
DA:375,1
DA:386,1
DA:387,1
DA:388,1
DA:389,1
DA:390,1
DA:391,1
DA:402,1
DA:403,1
DA:404,1
DA:405,1
DA:416,1
DA:417,1
DA:418,1
DA:419,1
DA:430,1
DA:431,0
DA:432,0
DA:433,0
DA:442,1
DA:443,3
DA:452,1
DA:453,3
DA:462,1
DA:463,1
DA:464,1
DA:465,1
DA:466,1
DA:475,1
DA:476,1
DA:477,1
DA:478,1
DA:479,1
DA:480,1
DA:481,1
DA:491,1
DA:492,0
DA:493,0
DA:494,0
DA:495,0
DA:506,1
DA:507,1
DA:518,1
DA:519,0
DA:520,0
DA:522,0
DA:525,0
DA:529,0
DA:533,0
DA:544,1
DA:545,0
DA:546,0
DA:548,0
DA:551,0
DA:555,0
DA:559,0
DA:569,1
DA:570,0
DA:571,0
DA:572,0
DA:575,0
DA:578,0
DA:589,1
DA:590,0
DA:591,0
DA:592,0
DA:595,0
DA:598,0
DA:608,1
DA:609,0
LF:194
LH:150
BRDA:37,0,0,2
BRDA:37,0,1,1
BRDA:37,0,2,2
BRDA:37,0,3,1
BRDA:38,1,0,2
BRDA:38,1,1,1
BRDA:38,1,2,2
BRDA:38,1,3,1
BRDA:86,2,0,20
BRDA:86,2,1,19
BRDA:86,2,2,14
BRDA:86,2,3,1
BRDA:87,3,0,20
BRDA:87,3,1,19
BRDA:87,3,2,14
BRDA:87,3,3,1
BRDA:103,4,0,50
BRDA:103,4,1,50
BRDA:103,4,2,0
BRDA:103,4,3,0
BRDA:104,5,0,50
BRDA:104,5,1,50
BRDA:104,6,0,50
BRDA:104,6,1,0
BRDA:104,6,2,0
BRDA:106,7,0,50
BRDA:106,7,1,50
BRDA:106,7,2,0
BRDA:106,7,3,0
BRDA:107,8,0,50
BRDA:107,8,1,50
BRDA:107,9,0,50
BRDA:107,9,1,0
BRDA:107,9,2,0
BRDA:121,10,0,50
BRDA:121,10,1,50
BRDA:121,10,2,50
BRDA:121,10,3,0
BRDA:122,11,0,50
BRDA:122,11,1,50
BRDA:122,12,0,50
BRDA:122,12,1,50
BRDA:122,12,2,0
BRDA:124,13,0,50
BRDA:124,13,1,50
BRDA:124,13,2,50
BRDA:124,13,3,0
BRDA:125,14,0,50
BRDA:125,14,1,50
BRDA:125,15,0,50
BRDA:125,15,1,50
BRDA:125,15,2,0
BRDA:139,16,0,50
BRDA:139,16,1,0
BRDA:139,16,2,50
BRDA:139,16,3,50
BRDA:140,17,0,1
BRDA:140,17,1,49
BRDA:143,18,0,50
BRDA:143,18,1,0
BRDA:143,18,2,50
BRDA:143,18,3,50
BRDA:144,19,0,0
BRDA:144,19,1,50
BRDA:147,20,0,50
BRDA:147,20,1,50
BRDA:147,21,0,50
BRDA:147,21,1,50
BRDA:147,21,2,50
BRDA:148,22,0,49
BRDA:148,22,1,1
BRDA:151,23,0,50
BRDA:151,23,1,50
BRDA:151,24,0,50
BRDA:151,24,1,50
BRDA:151,24,2,50
BRDA:152,25,0,50
BRDA:152,25,1,0
BRDA:168,26,0,50
BRDA:168,26,1,50
BRDA:168,26,2,50
BRDA:168,26,3,0
BRDA:169,27,0,50
BRDA:169,27,1,50
BRDA:169,28,0,50
BRDA:169,28,1,50
BRDA:169,28,2,0
BRDA:170,29,0,20
BRDA:170,29,1,30
BRDA:172,30,0,24
BRDA:172,30,1,6
BRDA:177,31,0,50
BRDA:177,31,1,50
BRDA:177,31,2,50
BRDA:177,31,3,0
BRDA:178,32,0,50
BRDA:178,32,1,50
BRDA:178,33,0,50
BRDA:178,33,1,50
BRDA:178,33,2,0
BRDA:179,34,0,27
BRDA:179,34,1,23
BRDA:181,35,0,19
BRDA:181,35,1,4
BRDA:198,36,0,1
BRDA:198,36,1,1
BRDA:198,36,2,0
BRDA:198,36,3,0
BRDA:199,37,0,1
BRDA:199,37,1,1
BRDA:199,37,2,0
BRDA:199,37,3,0
BRDA:213,38,0,0
BRDA:213,38,1,0
BRDA:213,38,2,0
BRDA:213,38,3,0
BRDA:214,39,0,0
BRDA:214,39,1,0
BRDA:214,39,2,0
BRDA:214,39,3,0
BRDA:229,40,0,1
BRDA:229,40,1,1
BRDA:229,40,2,0
BRDA:229,40,3,0
BRDA:230,41,0,1
BRDA:230,41,1,1
BRDA:230,41,2,0
BRDA:230,41,3,0
BRDA:257,42,0,1
BRDA:257,42,1,1
BRDA:257,42,2,0
BRDA:257,42,3,0
BRDA:258,43,0,1
BRDA:258,43,1,1
BRDA:258,43,2,0
BRDA:258,43,3,0
BRDA:273,44,0,1
BRDA:273,44,1,1
BRDA:273,44,2,0
BRDA:273,44,3,0
BRDA:274,45,0,1
BRDA:274,45,1,1
BRDA:274,45,2,0
BRDA:274,45,3,0
BRDA:301,46,0,2
BRDA:301,46,1,2
BRDA:301,47,0,2
BRDA:301,47,1,1
BRDA:301,47,2,0
BRDA:302,48,0,2
BRDA:302,48,1,2
BRDA:302,49,0,2
BRDA:302,49,1,1
BRDA:302,49,2,1
BRDA:302,49,3,0
BRDA:317,50,0,2
BRDA:317,50,1,2
BRDA:317,51,0,2
BRDA:317,51,1,1
BRDA:317,51,2,0
BRDA:318,52,0,2
BRDA:318,52,1,2
BRDA:318,53,0,2
BRDA:318,53,1,1
BRDA:318,53,2,1
BRDA:318,53,3,0
BRDA:373,54,0,1
BRDA:373,54,1,1
BRDA:373,55,0,1
BRDA:373,55,1,0
BRDA:373,55,2,0
BRDA:374,56,0,1
BRDA:374,56,1,1
BRDA:374,57,0,1
BRDA:374,57,1,0
BRDA:374,57,2,0
BRDA:374,57,3,0
BRDA:389,58,0,1
BRDA:389,58,1,1
BRDA:389,59,0,1
BRDA:389,59,1,0
BRDA:389,59,2,0
BRDA:390,60,0,1
BRDA:390,60,1,1
BRDA:390,61,0,1
BRDA:390,61,1,0
BRDA:390,61,2,0
BRDA:390,61,3,0
BRDA:507,62,0,1
BRDA:507,62,1,1
BRDA:507,62,2,0
BRDA:507,62,3,0
BRDA:508,63,0,1
BRDA:508,63,1,1
BRDA:508,63,2,0
BRDA:508,63,3,0
BRF:196
BRH:134
end_of_record
TN:
SF:/home/gergely/dev/WebGLMath/js/Vec3.js
FN:32,(anonymous_0)
FN:54,(anonymous_1)
FN:66,(anonymous_2)
FN:67,(anonymous_3)
FN:76,(anonymous_4)
FN:77,(anonymous_5)
FN:86,(anonymous_6)
FN:87,(anonymous_7)
FN:99,(anonymous_8)
FN:115,(anonymous_9)
FN:138,(anonymous_10)
FN:159,(anonymous_11)
FN:196,(anonymous_12)
FN:236,(anonymous_13)
FN:253,(anonymous_14)
FN:270,(anonymous_15)
FN:287,(anonymous_16)
FN:303,(anonymous_17)
FN:319,(anonymous_18)
FN:336,(anonymous_19)
FN:352,(anonymous_20)
FN:368,(anonymous_21)
FN:384,(anonymous_22)
FN:398,(anonymous_23)
FN:413,(anonymous_24)
FN:429,(anonymous_25)
FN:445,(anonymous_26)
FN:462,(anonymous_27)
FN:477,(anonymous_28)
FN:492,(anonymous_29)
FN:505,(anonymous_30)
FN:515,(anonymous_31)
FN:525,(anonymous_32)
FN:539,(anonymous_33)
FN:556,(anonymous_34)
FN:573,(anonymous_35)
FN:588,(anonymous_36)
FN:608,(anonymous_37)
FN:622,(anonymous_38)
FN:656,(anonymous_39)
FN:690,(anonymous_40)
FN:716,(anonymous_41)
FN:742,(anonymous_42)
FNF:43
FNH:28
FNDA:5,(anonymous_0)
FNDA:1,(anonymous_1)
FNDA:335,(anonymous_2)
FNDA:0,(anonymous_3)
FNDA:335,(anonymous_4)
FNDA:0,(anonymous_5)
FNDA:235,(anonymous_6)
FNDA:0,(anonymous_7)
FNDA:20,(anonymous_8)
FNDA:50,(anonymous_9)
FNDA:50,(anonymous_10)
FNDA:50,(anonymous_11)
FNDA:50,(anonymous_12)
FNDA:1,(anonymous_13)
FNDA:0,(anonymous_14)
FNDA:1,(anonymous_15)
FNDA:1,(anonymous_16)
FNDA:1,(anonymous_17)
FNDA:1,(anonymous_18)
FNDA:1,(anonymous_19)
FNDA:2,(anonymous_20)
FNDA:2,(anonymous_21)
FNDA:0,(anonymous_22)
FNDA:0,(anonymous_23)
FNDA:1,(anonymous_24)
FNDA:1,(anonymous_25)
FNDA:1,(anonymous_26)
FNDA:1,(anonymous_27)
FNDA:1,(anonymous_28)
FNDA:0,(anonymous_29)
FNDA:3,(anonymous_30)
FNDA:3,(anonymous_31)
FNDA:1,(anonymous_32)
FNDA:1,(anonymous_33)
FNDA:0,(anonymous_34)
FNDA:1,(anonymous_35)
FNDA:0,(anonymous_36)
FNDA:0,(anonymous_37)
FNDA:0,(anonymous_38)
FNDA:0,(anonymous_39)
FNDA:0,(anonymous_40)
FNDA:0,(anonymous_41)
FNDA:0,(anonymous_42)
DA:32,2
DA:38,5
DA:46,2
DA:54,2
DA:55,1
DA:56,1
DA:57,1
DA:65,2
DA:66,335
DA:67,0
DA:75,2
DA:76,335
DA:77,0
DA:85,2
DA:86,235
DA:87,0
DA:99,2
DA:100,20
DA:101,20
DA:102,20
DA:103,20
DA:115,2
DA:116,50
DA:117,50
DA:118,50
DA:119,50
DA:120,50
DA:121,50
DA:122,50
DA:123,50
DA:124,50
DA:125,50
DA:126,50
DA:127,50
DA:138,2
DA:139,50
DA:140,50
DA:141,50
DA:142,50
DA:143,50
DA:144,50
DA:145,50
DA:146,50
DA:147,50
DA:148,50
DA:159,2
DA:160,50
DA:161,50
DA:162,1
DA:164,50
DA:165,50
DA:166,0
DA:168,50
DA:169,50
DA:170,0
DA:172,50
DA:173,50
DA:174,49
DA:176,50
DA:177,50
DA:178,50
DA:180,50
DA:181,50
DA:182,0
DA:184,50
DA:196,2
DA:197,50
DA:198,50
DA:199,50
DA:200,24
DA:201,26
DA:202,22
DA:204,4
DA:206,50
DA:207,50
DA:208,50
DA:209,21
DA:210,29
DA:211,25
DA:213,4
DA:215,50
DA:216,50
DA:217,50
DA:218,24
DA:219,26
DA:220,21
DA:222,5
DA:224,50
DA:236,2
DA:237,1
DA:238,1
DA:239,1
DA:240,1
DA:253,2
DA:254,0
DA:255,0
DA:256,0
DA:257,0
DA:270,2
DA:271,1
DA:272,1
DA:273,1
DA:274,1
DA:275,1
DA:276,1
DA:287,2
DA:288,1
DA:289,1
DA:290,1
DA:291,1
DA:303,2
DA:304,1
DA:305,1
DA:306,1
DA:307,1
DA:319,2
DA:320,1
DA:321,1
DA:322,1
DA:323,1
DA:324,1
DA:325,1
DA:336,2
DA:337,1
DA:338,1
DA:339,1
DA:340,1
DA:352,2
DA:353,2
DA:354,2
DA:355,2
DA:356,2
DA:368,2
DA:369,2
DA:370,2
DA:371,2
DA:372,2
DA:373,2
DA:374,2
DA:384,2
DA:385,0
DA:386,0
DA:387,0
DA:388,0
DA:398,2
DA:399,0
DA:400,0
DA:401,0
DA:402,0
DA:413,2
DA:414,1
DA:415,1
DA:416,1
DA:417,1
DA:429,2
DA:430,1
DA:431,1
DA:432,1
DA:433,1
DA:445,2
DA:446,1
DA:447,1
DA:448,1
DA:449,1
DA:450,1
DA:451,1
DA:462,2
DA:463,1
DA:464,1
DA:465,1
DA:466,1
DA:477,2
DA:478,1
DA:479,1
DA:480,1
DA:481,1
DA:492,2
DA:493,0
DA:494,0
DA:495,0
DA:496,0
DA:505,2
DA:506,3
DA:515,2
DA:516,3
DA:525,2
DA:526,1
DA:527,1
DA:528,1
DA:529,1
DA:530,1
DA:539,2
DA:540,1
DA:541,1
DA:542,1
DA:543,1
DA:544,1
DA:545,1
DA:546,1
DA:556,2
DA:557,0
DA:558,0
DA:559,0
DA:560,0
DA:561,0
DA:573,2
DA:574,1
DA:588,2
DA:589,0
DA:590,0
DA:591,0
DA:592,0
DA:593,0
DA:594,0
DA:595,0
DA:596,0
DA:597,0
DA:608,2
DA:609,0
DA:610,0
DA:611,0
DA:612,0
DA:622,2
DA:623,0
DA:624,0
DA:625,0
DA:627,0
DA:631,0
DA:636,0
DA:641,0
DA:646,0
DA:656,2
DA:657,0
DA:658,0
DA:659,0
DA:661,0
DA:665,0
DA:670,0
DA:675,0
DA:680,0
DA:690,2
DA:691,0
DA:692,0
DA:693,0
DA:694,0
DA:698,0
DA:702,0
DA:706,0
DA:716,2
DA:717,0
DA:718,0
DA:719,0
DA:720,0
DA:724,0
DA:728,0
DA:732,0
DA:742,2
DA:743,0
LF:258
LH:187
BRDA:39,0,0,5
BRDA:39,0,1,4
BRDA:39,0,2,5
BRDA:39,0,3,1
BRDA:40,1,0,5
BRDA:40,1,1,4
BRDA:40,1,2,5
BRDA:40,1,3,1
BRDA:41,2,0,5
BRDA:41,2,1,4
BRDA:41,2,2,5
BRDA:41,2,3,3
BRDA:100,3,0,20
BRDA:100,3,1,19
BRDA:100,3,2,14
BRDA:100,3,3,1
BRDA:101,4,0,20
BRDA:101,4,1,19
BRDA:101,4,2,14
BRDA:101,4,3,1
BRDA:102,5,0,20
BRDA:102,5,1,19
BRDA:102,5,2,14
BRDA:102,5,3,2
BRDA:118,6,0,50
BRDA:118,6,1,50
BRDA:118,6,2,0
BRDA:118,6,3,0
BRDA:119,7,0,50
BRDA:119,7,1,50
BRDA:119,8,0,50
BRDA:119,8,1,0
BRDA:119,8,2,0
BRDA:121,9,0,50
BRDA:121,9,1,50
BRDA:121,9,2,0
BRDA:121,9,3,0
BRDA:122,10,0,50
BRDA:122,10,1,50
BRDA:122,11,0,50
BRDA:122,11,1,0
BRDA:122,11,2,0
BRDA:124,12,0,50
BRDA:124,12,1,50
BRDA:124,12,2,50
BRDA:124,12,3,50
BRDA:125,13,0,50
BRDA:125,13,1,50
BRDA:125,14,0,50
BRDA:125,14,1,50
BRDA:125,14,2,50
BRDA:139,15,0,50
BRDA:139,15,1,50
BRDA:139,15,2,50
BRDA:139,15,3,0
BRDA:140,16,0,50
BRDA:140,16,1,50
BRDA:140,17,0,50
BRDA:140,17,1,50
BRDA:140,17,2,0
BRDA:142,18,0,50
BRDA:142,18,1,50
BRDA:142,18,2,50
BRDA:142,18,3,0
BRDA:143,19,0,50
BRDA:143,19,1,50
BRDA:143,20,0,50
BRDA:143,20,1,50
BRDA:143,20,2,0
BRDA:145,21,0,50
BRDA:145,21,1,50
BRDA:145,21,2,50
BRDA:145,21,3,0
BRDA:146,22,0,50
BRDA:146,22,1,50
BRDA:146,23,0,50
BRDA:146,23,1,50
BRDA:146,23,2,0
BRDA:160,24,0,50
BRDA:160,24,1,0
BRDA:160,24,2,50
BRDA:160,24,3,50
BRDA:161,25,0,1
BRDA:161,25,1,49
BRDA:164,26,0,50
BRDA:164,26,1,0
BRDA:164,26,2,50
BRDA:164,26,3,50
BRDA:165,27,0,0
BRDA:165,27,1,50
BRDA:168,28,0,50
BRDA:168,28,1,0
BRDA:168,28,2,50
BRDA:168,28,3,50
BRDA:169,29,0,0
BRDA:169,29,1,50
BRDA:172,30,0,50
BRDA:172,30,1,50
BRDA:172,31,0,50
BRDA:172,31,1,50
BRDA:172,31,2,50
BRDA:173,32,0,49
BRDA:173,32,1,1
BRDA:176,33,0,50
BRDA:176,33,1,50
BRDA:176,34,0,50
BRDA:176,34,1,50
BRDA:176,34,2,50
BRDA:177,35,0,50
BRDA:177,35,1,0
BRDA:180,36,0,50
BRDA:180,36,1,50
BRDA:180,37,0,50
BRDA:180,37,1,50
BRDA:180,37,2,50
BRDA:181,38,0,0
BRDA:181,38,1,50
BRDA:197,39,0,50
BRDA:197,39,1,50
BRDA:197,39,2,50
BRDA:197,39,3,0
BRDA:198,40,0,50
BRDA:198,40,1,50
BRDA:198,41,0,50
BRDA:198,41,1,50
BRDA:198,41,2,0
BRDA:199,42,0,24
BRDA:199,42,1,26
BRDA:201,43,0,22
BRDA:201,43,1,4
BRDA:206,44,0,50
BRDA:206,44,1,50
BRDA:206,44,2,50
BRDA:206,44,3,0
BRDA:207,45,0,50
BRDA:207,45,1,50
BRDA:207,46,0,50
BRDA:207,46,1,50
BRDA:207,46,2,0
BRDA:208,47,0,21
BRDA:208,47,1,29
BRDA:210,48,0,25
BRDA:210,48,1,4
BRDA:215,49,0,50
BRDA:215,49,1,50
BRDA:215,49,2,50
BRDA:215,49,3,0
BRDA:216,50,0,50
BRDA:216,50,1,50
BRDA:216,51,0,50
BRDA:216,51,1,50
BRDA:216,51,2,0
BRDA:217,52,0,24
BRDA:217,52,1,26
BRDA:219,53,0,21
BRDA:219,53,1,5
BRDA:237,54,0,1
BRDA:237,54,1,1
BRDA:237,54,2,0
BRDA:237,54,3,0
BRDA:238,55,0,1
BRDA:238,55,1,1
BRDA:238,55,2,0
BRDA:238,55,3,0
BRDA:239,56,0,1
BRDA:239,56,1,1
BRDA:239,56,2,0
BRDA:239,56,3,0
BRDA:254,57,0,0
BRDA:254,57,1,0
BRDA:254,57,2,0
BRDA:254,57,3,0
BRDA:255,58,0,0
BRDA:255,58,1,0
BRDA:255,58,2,0
BRDA:255,58,3,0
BRDA:256,59,0,0
BRDA:256,59,1,0
BRDA:256,59,2,0
BRDA:256,59,3,0
BRDA:273,60,0,1
BRDA:273,60,1,1
BRDA:273,60,2,0
BRDA:273,60,3,0
BRDA:274,61,0,1
BRDA:274,61,1,1
BRDA:274,61,2,0
BRDA:274,61,3,0
BRDA:275,62,0,1
BRDA:275,62,1,1
BRDA:275,62,2,0
BRDA:275,62,3,0
BRDA:304,63,0,1
BRDA:304,63,1,1
BRDA:304,63,2,0
BRDA:304,63,3,0
BRDA:305,64,0,1
BRDA:305,64,1,1
BRDA:305,64,2,0
BRDA:305,64,3,0
BRDA:306,65,0,1
BRDA:306,65,1,1
BRDA:306,65,2,0
BRDA:306,65,3,0
BRDA:322,66,0,1
BRDA:322,66,1,1
BRDA:322,66,2,0
BRDA:322,66,3,0
BRDA:323,67,0,1
BRDA:323,67,1,1
BRDA:323,67,2,0
BRDA:323,67,3,0
BRDA:324,68,0,1
BRDA:324,68,1,1
BRDA:324,68,2,0
BRDA:324,68,3,0
BRDA:353,69,0,2
BRDA:353,69,1,2
BRDA:353,70,0,2
BRDA:353,70,1,1
BRDA:353,70,2,0
BRDA:354,71,0,2
BRDA:354,71,1,2
BRDA:354,72,0,2
BRDA:354,72,1,1
BRDA:354,72,2,1
BRDA:354,72,3,0
BRDA:355,73,0,2
BRDA:355,73,1,2
BRDA:355,74,0,2
BRDA:355,74,1,1
BRDA:355,74,2,1
BRDA:355,74,3,0
BRDA:371,75,0,2
BRDA:371,75,1,2
BRDA:371,76,0,2
BRDA:371,76,1,1
BRDA:371,76,2,0
BRDA:372,77,0,2
BRDA:372,77,1,2
BRDA:372,78,0,2
BRDA:372,78,1,1
BRDA:372,78,2,1
BRDA:372,78,3,0
BRDA:373,79,0,2
BRDA:373,79,1,2
BRDA:373,80,0,2
BRDA:373,80,1,1
BRDA:373,80,2,1
BRDA:373,80,3,0
BRDA:430,81,0,1
BRDA:430,81,1,1
BRDA:430,82,0,1
BRDA:430,82,1,0
BRDA:430,82,2,0
BRDA:431,83,0,1
BRDA:431,83,1,1
BRDA:431,84,0,1
BRDA:431,84,1,0
BRDA:431,84,2,0
BRDA:431,84,3,0
BRDA:432,85,0,1
BRDA:432,85,1,1
BRDA:432,86,0,1
BRDA:432,86,1,0
BRDA:432,86,2,0
BRDA:432,86,3,0
BRDA:448,87,0,1
BRDA:448,87,1,1
BRDA:448,88,0,1
BRDA:448,88,1,0
BRDA:448,88,2,0
BRDA:449,89,0,1
BRDA:449,89,1,1
BRDA:449,90,0,1
BRDA:449,90,1,0
BRDA:449,90,2,0
BRDA:449,90,3,0
BRDA:450,91,0,1
BRDA:450,91,1,1
BRDA:450,92,0,1
BRDA:450,92,1,0
BRDA:450,92,2,0
BRDA:450,92,3,0
BRDA:574,93,0,1
BRDA:574,93,1,1
BRDA:574,93,2,0
BRDA:574,93,3,0
BRDA:575,94,0,1
BRDA:575,94,1,1
BRDA:575,94,2,0
BRDA:575,94,3,0
BRDA:576,95,0,1
BRDA:576,95,1,1
BRDA:576,95,2,0
BRDA:576,95,3,0
BRDA:591,96,0,0
BRDA:591,96,1,0
BRDA:591,96,2,0
BRDA:591,96,3,0
BRDA:592,97,0,0
BRDA:592,97,1,0
BRDA:592,97,2,0
BRDA:592,97,3,0
BRDA:593,98,0,0
BRDA:593,98,1,0
BRDA:593,98,2,0
BRDA:593,98,3,0
BRF:308
BRH:205
end_of_record
